
Lmod is automatically replacing "gcc-native/12.3" with "intel/2023.2.0".


Lmod is automatically replacing "PrgEnv-gnu/8.5.0" with "PrgEnv-intel/8.5.0".


Due to MODULEPATH changes, the following have been reloaded:
  1) cray-mpich/8.1.28

The following have been reloaded with a version change:
  1) cray-libsci/23.12.5 => cray-libsci/23.02.1.1

PE 0: MPICH processor detected:
PE 0:   AMD Milan (25:1:1) (family:model:stepping)
PE 0: MPICH environment settings =====================================
PE 0:   MPICH_ENV_DISPLAY                              = 1
PE 0:   MPICH_VERSION_DISPLAY                          = 0
PE 0:   MPICH_ABORT_ON_ERROR                           = 0
PE 0:   MPICH_CPUMASK_DISPLAY                          = 0
PE 0:   MPICH_STATS_DISPLAY                            = 0
PE 0:   MPICH_RANK_REORDER_METHOD                      = 1
PE 0:   MPICH_RANK_REORDER_DISPLAY                     = 0
PE 0:   MPICH_MEMCPY_MEM_CHECK                         = 0
PE 0:   MPICH_USE_SYSTEM_MEMCPY                        = 0
PE 0:   MPICH_OPTIMIZED_MEMCPY                         = 1
PE 0:   MPICH_ALLOC_MEM_PG_SZ                          = 4096
PE 0:   MPICH_ALLOC_MEM_POLICY                         = PREFERRED
PE 0:   MPICH_ALLOC_MEM_AFFINITY                       = SYS_DEFAULT
PE 0:   MPICH_MALLOC_FALLBACK                          = 0
PE 0:   MPICH_MEM_DEBUG_FNAME                          = 
PE 0:   MPICH_INTERNAL_MEM_AFFINITY                    = SYS_DEFAULT
PE 0:   MPICH_NO_BUFFER_ALIAS_CHECK                    = 0
PE 0:   MPICH_COLL_SYNC                                = 0
PE 0:   MPICH_SINGLE_HOST_ENABLED                        = 1
PE 0:   MPICH_USE_PERSISTENT_TOPS                      = 0
PE 0:   MPICH_DISABLE_PERSISTENT_RECV_TOPS             = 0
PE 0:   MPICH_MAX_TOPS_COUNTERS                        = 0
PE 0:   MPICH_ENABLE_ACTIVE_WAIT                       = 0
PE 0: MPICH/RMA environment settings =================================
PE 0:   MPICH_RMA_MAX_PENDING                          = 128
PE 0:   MPICH_RMA_SHM_ACCUMULATE                       = 0
PE 0: MPICH/Dynamic Process Management environment settings ==========
PE 0:   MPICH_DPM_DIR                                  = 
PE 0:   MPICH_LOCAL_SPAWN_SERVER                       = 0
PE 0:   MPICH_SPAWN_USE_RANKPOOL                       = 0
PE 0: MPICH/SMP environment settings =================================
PE 0:   MPICH_SMP_SINGLE_COPY_MODE                     = XPMEM
PE 0:   MPICH_SMP_SINGLE_COPY_SIZE                     = 8192
PE 0:   MPICH_SHM_PROGRESS_MAX_BATCH_SIZE              = 8
PE 0: MPICH/OFI environment settings =================================
PE 0:   MPICH_OFI_USE_PROVIDER                         = cxi
PE 0:   MPICH_OFI_VERBOSE                              = 0
PE 0:   MPICH_OFI_NIC_VERBOSE                          = 0
PE 0:   FI_CXI_RDZV_THRESHOLD                          = 16384
PE 0:   FI_CXI_RDZV_EAGER_SIZE                         = 2048
PE 0:   FI_CXI_DEFAULT_CQ_SIZE                         = 131072
PE 0:   FI_CXI_DEFAULT_TX_SIZE                         = 1024
PE 0:   FI_CXI_OFLOW_BUF_SIZE                          = 12582912
PE 0:   FI_CXI_OFLOW_BUF_COUNT                         = 3
PE 0:   FI_CXI_RX_MATCH_MODE                           = hybrid
PE 0:   FI_CXI_REQ_BUF_MIN_POSTED                      = 6
PE 0:   FI_CXI_REQ_BUF_SIZE                            = 12582912
PE 0:   FI_CXI_REQ_BUF_MAX_CACHED                      = 0
PE 0:   FI_MR_CACHE_MAX_SIZE                           = -1
PE 0:   FI_MR_CACHE_MAX_COUNT                          = 524288
PE 0:   MPICH_OFI_DEFAULT_TCLASS                       = TC_BEST_EFFORT
PE 0:   MPICH_OFI_TCLASS_ERRORS                        = warn
PE 0:   MPICH_OFI_CXI_PID_BASE                         = 0
PE 0:   MPICH_OFI_USE_SCALABLE_STARTUP                 = 1
PE 0:   MPICH_OFI_CXI_COUNTER_REPORT                   = 0
PE 0:   MPICH_OFI_CXI_COUNTER_VERBOSE                  = 0
PE 0:   MPICH_OFI_CXI_COUNTER_FILE                     = NULL
PE 0:   MPICH_OFI_CXI_COUNTER_REPORT_FILE              = NULL
PE 0:   MPICH_OFI_NIC_POLICY                           = BLOCK
PE 0:   MPICH_OFI_NIC_MAPPING                          = NULL
PE 0:   MPICH_OFI_NUM_NICS                             = NULL
PE 0:   MPICH_CH4_OFI_ENABLE_CONTROL_AUTO_PROGRESS     = -1
PE 0:   MPICH_CH4_OFI_ENABLE_DATA_AUTO_PROGRESS        = -1
PE 0:   MPICH_OFI_RMA_STARTUP_CONNECT                  = 0
PE 0:   MPICH_OFI_SKIP_NIC_SYMMETRY_TEST               = 0
PE 0:   MPICH_OFI_STARTUP_CONNECT                      = 0
PE 0: MPICH/COLLECTIVE environment settings ==========================
PE 0:   MPICH_COLL_OPT_OFF                             = 0
PE 0:   MPICH_BCAST_ONLY_TREE                          = 1
PE 0:   MPICH_BCAST_INTERNODE_RADIX                    = 4
PE 0:   MPICH_BCAST_INTRANODE_RADIX                    = 4
PE 0:   MPICH_ALLTOALL_SHORT_MSG                       = 64-512
PE 0:   MPICH_ALLTOALL_SYNC_FREQ                       = 1-24
PE 0:   MPICH_ALLTOALL_BLK_SIZE                        = 16384
PE 0:   MPICH_ALLTOALL_CHUNKING_MAX_NODES              = 90
PE 0:   MPICH_ALLTOALLV_THROTTLE                       = 8
PE 0:   MPICH_ALLGATHER_VSHORT_MSG                     = 8192-16384
PE 0:   MPICH_ALLGATHERV_VSHORT_MSG                    = 8192-16384
PE 0:   MPICH_GATHERV_SHORT_MSG                        = 131072
PE 0:   MPICH_GATHERV_MIN_COMM_SIZE                    = 64
PE 0:   MPICH_GATHERV_MAX_TMP_SIZE                     = 536870912
PE 0:   MPICH_GATHERV_SYNC_FREQ                        = 16
PE 0:   MPICH_IGATHERV_MIN_COMM_SIZE                   = 1000
PE 0:   MPICH_IGATHERV_SYNC_FREQ                       = 100
PE 0:   MPICH_IGATHERV_RAND_COMMSIZE                   = 2048
PE 0:   MPICH_IGATHERV_RAND_RECVLIST                   = 0
PE 0:   MPICH_SCATTERV_SHORT_MSG                       = 2048-8192
PE 0:   MPICH_SCATTERV_MIN_COMM_SIZE                   = 64
PE 0:   MPICH_SCATTERV_MAX_TMP_SIZE                    = 536870912
PE 0:   MPICH_SCATTERV_SYNC_FREQ                       = 16
PE 0:   MPICH_SCATTERV_SYNCHRONOUS                     = 0
PE 0:   MPICH_ALLREDUCE_MAX_SMP_SIZE                   = 262144
PE 0:   MPICH_ALLREDUCE_BLK_SIZE                       = 716800
PE 0:   MPICH_GPU_ALLGATHER_VSHORT_MSG_ALGORITHM       = 1
PE 0:   MPICH_GPU_ALLREDUCE_USE_KERNEL                 = 0
PE 0:   MPICH_GPU_COLL_STAGING_BUF_SIZE                = 1048576
PE 0:   MPICH_GPU_ALLREDUCE_STAGING_THRESHOLD          = 256
PE 0:   MPICH_ALLREDUCE_NO_SMP                         = 0
PE 0:   MPICH_REDUCE_NO_SMP                            = 0
PE 0:   MPICH_REDUCE_SCATTER_COMMUTATIVE_LONG_MSG_SIZE = 524288
PE 0:   MPICH_REDUCE_SCATTER_MAX_COMMSIZE              = 1000
PE 0:   MPICH_SHARED_MEM_COLL_OPT                      = 1
PE 0:   MPICH_SHARED_MEM_COLL_NCELLS                   = 8
PE 0:   MPICH_SHARED_MEM_COLL_CELLSZ                   = 256
PE 0: MPICH MPIIO environment settings ===============================
PE 0:   MPICH_MPIIO_HINTS_DISPLAY                      = 0
PE 0:   MPICH_MPIIO_HINTS                              = NULL
PE 0:   MPICH_MPIIO_ABORT_ON_RW_ERROR                  = disable
PE 0:   MPICH_MPIIO_CB_ALIGN                           = 2
PE 0:   MPICH_MPIIO_DVS_MAXNODES                       = 24
PE 0:   MPICH_MPIIO_AGGREGATOR_PLACEMENT_DISPLAY       = 0
PE 0:   MPICH_MPIIO_AGGREGATOR_PLACEMENT_STRIDE        = -1
PE 0:   MPICH_MPIIO_MAX_NUM_IRECV                      = 50
PE 0:   MPICH_MPIIO_MAX_NUM_ISEND                      = 50
PE 0:   MPICH_MPIIO_MAX_SIZE_ISEND                     = 10485760
PE 0:   MPICH_MPIIO_OFI_STARTUP_CONNECT                = disable
PE 0:   MPICH_MPIIO_OFI_STARTUP_NODES_AGGREGATOR        = 2
PE 0: MPICH MPIIO statistics environment settings ====================
PE 0:   MPICH_MPIIO_STATS                              = 0
PE 0:   MPICH_MPIIO_TIMERS                             = 0
PE 0:   MPICH_MPIIO_WRITE_EXIT_BARRIER                 = 1
PE 0: MPICH Thread Safety settings ===================================
PE 0:   MPICH_ASYNC_PROGRESS                           = 0
PE 0:   MPICH_OPT_THREAD_SYNC                          = 1
PE 0:   rank 0 required = single, was provided = single
PE 0: MPICH processor detected:
PE 0:   AMD Milan (25:1:1) (family:model:stepping)
PE 0: MPICH environment settings =====================================
PE 0:   MPICH_ENV_DISPLAY                              = 1
PE 0:   MPICH_VERSION_DISPLAY                          = 0
PE 0:   MPICH_ABORT_ON_ERROR                           = 0
PE 0:   MPICH_CPUMASK_DISPLAY                          = 0
PE 0:   MPICH_STATS_DISPLAY                            = 0
PE 0:   MPICH_RANK_REORDER_METHOD                      = 1
PE 0:   MPICH_RANK_REORDER_DISPLAY                     = 0
PE 0:   MPICH_MEMCPY_MEM_CHECK                         = 0
PE 0:   MPICH_USE_SYSTEM_MEMCPY                        = 0
PE 0:   MPICH_OPTIMIZED_MEMCPY                         = 1
PE 0:   MPICH_ALLOC_MEM_PG_SZ                          = 4096
PE 0:   MPICH_ALLOC_MEM_POLICY                         = PREFERRED
PE 0:   MPICH_ALLOC_MEM_AFFINITY                       = SYS_DEFAULT
PE 0:   MPICH_MALLOC_FALLBACK                          = 0
PE 0:   MPICH_MEM_DEBUG_FNAME                          = 
PE 0:   MPICH_INTERNAL_MEM_AFFINITY                    = SYS_DEFAULT
PE 0:   MPICH_NO_BUFFER_ALIAS_CHECK                    = 0
PE 0:   MPICH_COLL_SYNC                                = 0
PE 0:   MPICH_SINGLE_HOST_ENABLED                        = 1
PE 0:   MPICH_USE_PERSISTENT_TOPS                      = 0
PE 0:   MPICH_DISABLE_PERSISTENT_RECV_TOPS             = 0
PE 0:   MPICH_MAX_TOPS_COUNTERS                        = 0
PE 0:   MPICH_ENABLE_ACTIVE_WAIT                       = 0
PE 0: MPICH/RMA environment settings =================================
PE 0:   MPICH_RMA_MAX_PENDING                          = 128
PE 0:   MPICH_RMA_SHM_ACCUMULATE                       = 0
PE 0: MPICH/Dynamic Process Management environment settings ==========
PE 0:   MPICH_DPM_DIR                                  = 
PE 0:   MPICH_LOCAL_SPAWN_SERVER                       = 0
PE 0:   MPICH_SPAWN_USE_RANKPOOL                       = 0
PE 0: MPICH/SMP environment settings =================================
PE 0:   MPICH_SMP_SINGLE_COPY_MODE                     = XPMEM
PE 0:   MPICH_SMP_SINGLE_COPY_SIZE                     = 8192
PE 0:   MPICH_SHM_PROGRESS_MAX_BATCH_SIZE              = 8
PE 0: MPICH/OFI environment settings =================================
PE 0:   MPICH_OFI_USE_PROVIDER                         = cxi
PE 0:   MPICH_OFI_VERBOSE                              = 0
PE 0:   MPICH_OFI_NIC_VERBOSE                          = 0
PE 0:   FI_CXI_RDZV_THRESHOLD                          = 16384
PE 0:   FI_CXI_RDZV_EAGER_SIZE                         = 2048
PE 0:   FI_CXI_DEFAULT_CQ_SIZE                         = 131072
PE 0:   FI_CXI_DEFAULT_TX_SIZE                         = 1024
PE 0:   FI_CXI_OFLOW_BUF_SIZE                          = 12582912
PE 0:   FI_CXI_OFLOW_BUF_COUNT                         = 3
PE 0:   FI_CXI_RX_MATCH_MODE                           = hybrid
PE 0:   FI_CXI_REQ_BUF_MIN_POSTED                      = 6
PE 0:   FI_CXI_REQ_BUF_SIZE                            = 12582912
PE 0:   FI_CXI_REQ_BUF_MAX_CACHED                      = 0
PE 0:   FI_MR_CACHE_MAX_SIZE                           = -1
PE 0:   FI_MR_CACHE_MAX_COUNT                          = 524288
PE 0:   MPICH_OFI_DEFAULT_TCLASS                       = TC_BEST_EFFORT
PE 0:   MPICH_OFI_TCLASS_ERRORS                        = warn
PE 0:   MPICH_OFI_CXI_PID_BASE                         = 0
PE 0:   MPICH_OFI_USE_SCALABLE_STARTUP                 = 1
PE 0:   MPICH_OFI_CXI_COUNTER_REPORT                   = 0
PE 0:   MPICH_OFI_CXI_COUNTER_VERBOSE                  = 0
PE 0:   MPICH_OFI_CXI_COUNTER_FILE                     = NULL
PE 0:   MPICH_OFI_CXI_COUNTER_REPORT_FILE              = NULL
PE 0:   MPICH_OFI_NIC_POLICY                           = BLOCK
PE 0:   MPICH_OFI_NIC_MAPPING                          = NULL
PE 0:   MPICH_OFI_NUM_NICS                             = NULL
PE 0:   MPICH_CH4_OFI_ENABLE_CONTROL_AUTO_PROGRESS     = -1
PE 0:   MPICH_CH4_OFI_ENABLE_DATA_AUTO_PROGRESS        = -1
PE 0:   MPICH_OFI_RMA_STARTUP_CONNECT                  = 0
PE 0:   MPICH_OFI_SKIP_NIC_SYMMETRY_TEST               = 0
PE 0:   MPICH_OFI_STARTUP_CONNECT                      = 0
PE 0: MPICH/COLLECTIVE environment settings ==========================
PE 0:   MPICH_COLL_OPT_OFF                             = 0
PE 0:   MPICH_BCAST_ONLY_TREE                          = 1
PE 0:   MPICH_BCAST_INTERNODE_RADIX                    = 4
PE 0:   MPICH_BCAST_INTRANODE_RADIX                    = 4
PE 0:   MPICH_ALLTOALL_SHORT_MSG                       = 64-512
PE 0:   MPICH_ALLTOALL_SYNC_FREQ                       = 1-24
PE 0:   MPICH_ALLTOALL_BLK_SIZE                        = 16384
PE 0:   MPICH_ALLTOALL_CHUNKING_MAX_NODES              = 90
PE 0:   MPICH_ALLTOALLV_THROTTLE                       = 8
PE 0:   MPICH_ALLGATHER_VSHORT_MSG                     = 8192-16384
PE 0:   MPICH_ALLGATHERV_VSHORT_MSG                    = 8192-16384
PE 0:   MPICH_GATHERV_SHORT_MSG                        = 131072
PE 0:   MPICH_GATHERV_MIN_COMM_SIZE                    = 64
PE 0:   MPICH_GATHERV_MAX_TMP_SIZE                     = 536870912
PE 0:   MPICH_GATHERV_SYNC_FREQ                        = 16
PE 0:   MPICH_IGATHERV_MIN_COMM_SIZE                   = 1000
PE 0:   MPICH_IGATHERV_SYNC_FREQ                       = 100
PE 0:   MPICH_IGATHERV_RAND_COMMSIZE                   = 2048
PE 0:   MPICH_IGATHERV_RAND_RECVLIST                   = 0
PE 0:   MPICH_SCATTERV_SHORT_MSG                       = 2048-8192
PE 0:   MPICH_SCATTERV_MIN_COMM_SIZE                   = 64
PE 0:   MPICH_SCATTERV_MAX_TMP_SIZE                    = 536870912
PE 0:   MPICH_SCATTERV_SYNC_FREQ                       = 16
PE 0:   MPICH_SCATTERV_SYNCHRONOUS                     = 0
PE 0:   MPICH_ALLREDUCE_MAX_SMP_SIZE                   = 262144
PE 0:   MPICH_ALLREDUCE_BLK_SIZE                       = 716800
PE 0:   MPICH_GPU_ALLGATHER_VSHORT_MSG_ALGORITHM       = 1
PE 0:   MPICH_GPU_ALLREDUCE_USE_KERNEL                 = 0
PE 0:   MPICH_GPU_COLL_STAGING_BUF_SIZE                = 1048576
PE 0:   MPICH_GPU_ALLREDUCE_STAGING_THRESHOLD          = 256
PE 0:   MPICH_ALLREDUCE_NO_SMP                         = 0
PE 0:   MPICH_REDUCE_NO_SMP                            = 0
PE 0:   MPICH_REDUCE_SCATTER_COMMUTATIVE_LONG_MSG_SIZE = 524288
PE 0:   MPICH_REDUCE_SCATTER_MAX_COMMSIZE              = 1000
PE 0:   MPICH_SHARED_MEM_COLL_OPT                      = 1
PE 0:   MPICH_SHARED_MEM_COLL_NCELLS                   = 8
PE 0:   MPICH_SHARED_MEM_COLL_CELLSZ                   = 256
PE 0: MPICH MPIIO environment settings ===============================
PE 0:   MPICH_MPIIO_HINTS_DISPLAY                      = 0
PE 0:   MPICH_MPIIO_HINTS                              = NULL
PE 0:   MPICH_MPIIO_ABORT_ON_RW_ERROR                  = disable
PE 0:   MPICH_MPIIO_CB_ALIGN                           = 2
PE 0:   MPICH_MPIIO_DVS_MAXNODES                       = 24
PE 0:   MPICH_MPIIO_AGGREGATOR_PLACEMENT_DISPLAY       = 0
PE 0:   MPICH_MPIIO_AGGREGATOR_PLACEMENT_STRIDE        = -1
PE 0:   MPICH_MPIIO_MAX_NUM_IRECV                      = 50
PE 0:   MPICH_MPIIO_MAX_NUM_ISEND                      = 50
PE 0:   MPICH_MPIIO_MAX_SIZE_ISEND                     = 10485760
PE 0:   MPICH_MPIIO_OFI_STARTUP_CONNECT                = disable
PE 0:   MPICH_MPIIO_OFI_STARTUP_NODES_AGGREGATOR        = 2
PE 0: MPICH MPIIO statistics environment settings ====================
PE 0:   MPICH_MPIIO_STATS                              = 0
PE 0:   MPICH_MPIIO_TIMERS                             = 0
PE 0:   MPICH_MPIIO_WRITE_EXIT_BARRIER                 = 1
PE 0: MPICH Thread Safety settings ===================================
PE 0:   MPICH_ASYNC_PROGRESS                           = 0
PE 0:   MPICH_OPT_THREAD_SYNC                          = 1
PE 0:   rank 0 required = single, was provided = single
PE 0: MPICH processor detected:
PE 0:   AMD Milan (25:1:1) (family:model:stepping)
PE 0: MPICH environment settings =====================================
PE 0:   MPICH_ENV_DISPLAY                              = 1
PE 0:   MPICH_VERSION_DISPLAY                          = 0
PE 0:   MPICH_ABORT_ON_ERROR                           = 0
PE 0:   MPICH_CPUMASK_DISPLAY                          = 0
PE 0:   MPICH_STATS_DISPLAY                            = 0
PE 0:   MPICH_RANK_REORDER_METHOD                      = 1
PE 0:   MPICH_RANK_REORDER_DISPLAY                     = 0
PE 0:   MPICH_MEMCPY_MEM_CHECK                         = 0
PE 0:   MPICH_USE_SYSTEM_MEMCPY                        = 0
PE 0:   MPICH_OPTIMIZED_MEMCPY                         = 1
PE 0:   MPICH_ALLOC_MEM_PG_SZ                          = 4096
PE 0:   MPICH_ALLOC_MEM_POLICY                         = PREFERRED
PE 0:   MPICH_ALLOC_MEM_AFFINITY                       = SYS_DEFAULT
PE 0:   MPICH_MALLOC_FALLBACK                          = 0
PE 0:   MPICH_MEM_DEBUG_FNAME                          = 
PE 0:   MPICH_INTERNAL_MEM_AFFINITY                    = SYS_DEFAULT
PE 0:   MPICH_NO_BUFFER_ALIAS_CHECK                    = 0
PE 0:   MPICH_COLL_SYNC                                = 0
PE 0:   MPICH_SINGLE_HOST_ENABLED                        = 1
PE 0:   MPICH_USE_PERSISTENT_TOPS                      = 0
PE 0:   MPICH_DISABLE_PERSISTENT_RECV_TOPS             = 0
PE 0:   MPICH_MAX_TOPS_COUNTERS                        = 0
PE 0:   MPICH_ENABLE_ACTIVE_WAIT                       = 0
PE 0: MPICH/RMA environment settings =================================
PE 0:   MPICH_RMA_MAX_PENDING                          = 128
PE 0:   MPICH_RMA_SHM_ACCUMULATE                       = 0
PE 0: MPICH/Dynamic Process Management environment settings ==========
PE 0:   MPICH_DPM_DIR                                  = 
PE 0:   MPICH_LOCAL_SPAWN_SERVER                       = 0
PE 0:   MPICH_SPAWN_USE_RANKPOOL                       = 0
PE 0: MPICH/SMP environment settings =================================
PE 0:   MPICH_SMP_SINGLE_COPY_MODE                     = XPMEM
PE 0:   MPICH_SMP_SINGLE_COPY_SIZE                     = 8192
PE 0:   MPICH_SHM_PROGRESS_MAX_BATCH_SIZE              = 8
PE 0: MPICH/OFI environment settings =================================
PE 0:   MPICH_OFI_USE_PROVIDER                         = cxi
PE 0:   MPICH_OFI_VERBOSE                              = 0
PE 0:   MPICH_OFI_NIC_VERBOSE                          = 0
PE 0:   FI_CXI_RDZV_THRESHOLD                          = 16384
PE 0:   FI_CXI_RDZV_EAGER_SIZE                         = 2048
PE 0:   FI_CXI_DEFAULT_CQ_SIZE                         = 131072
PE 0:   FI_CXI_DEFAULT_TX_SIZE                         = 1024
PE 0:   FI_CXI_OFLOW_BUF_SIZE                          = 12582912
PE 0:   FI_CXI_OFLOW_BUF_COUNT                         = 3
PE 0:   FI_CXI_RX_MATCH_MODE                           = hybrid
PE 0:   FI_CXI_REQ_BUF_MIN_POSTED                      = 6
PE 0:   FI_CXI_REQ_BUF_SIZE                            = 12582912
PE 0:   FI_CXI_REQ_BUF_MAX_CACHED                      = 0
PE 0:   FI_MR_CACHE_MAX_SIZE                           = -1
PE 0:   FI_MR_CACHE_MAX_COUNT                          = 524288
PE 0:   MPICH_OFI_DEFAULT_TCLASS                       = TC_BEST_EFFORT
PE 0:   MPICH_OFI_TCLASS_ERRORS                        = warn
PE 0:   MPICH_OFI_CXI_PID_BASE                         = 0
PE 0:   MPICH_OFI_USE_SCALABLE_STARTUP                 = 1
PE 0:   MPICH_OFI_CXI_COUNTER_REPORT                   = 0
PE 0:   MPICH_OFI_CXI_COUNTER_VERBOSE                  = 0
PE 0:   MPICH_OFI_CXI_COUNTER_FILE                     = NULL
PE 0:   MPICH_OFI_CXI_COUNTER_REPORT_FILE              = NULL
PE 0:   MPICH_OFI_NIC_POLICY                           = BLOCK
PE 0:   MPICH_OFI_NIC_MAPPING                          = NULL
PE 0:   MPICH_OFI_NUM_NICS                             = NULL
PE 0:   MPICH_CH4_OFI_ENABLE_CONTROL_AUTO_PROGRESS     = -1
PE 0:   MPICH_CH4_OFI_ENABLE_DATA_AUTO_PROGRESS        = -1
PE 0:   MPICH_OFI_RMA_STARTUP_CONNECT                  = 0
PE 0:   MPICH_OFI_SKIP_NIC_SYMMETRY_TEST               = 0
PE 0:   MPICH_OFI_STARTUP_CONNECT                      = 0
PE 0: MPICH/COLLECTIVE environment settings ==========================
PE 0:   MPICH_COLL_OPT_OFF                             = 0
PE 0:   MPICH_BCAST_ONLY_TREE                          = 1
PE 0:   MPICH_BCAST_INTERNODE_RADIX                    = 4
PE 0:   MPICH_BCAST_INTRANODE_RADIX                    = 4
PE 0:   MPICH_ALLTOALL_SHORT_MSG                       = 64-512
PE 0:   MPICH_ALLTOALL_SYNC_FREQ                       = 1-24
PE 0:   MPICH_ALLTOALL_BLK_SIZE                        = 16384
PE 0:   MPICH_ALLTOALL_CHUNKING_MAX_NODES              = 90
PE 0:   MPICH_ALLTOALLV_THROTTLE                       = 8
PE 0:   MPICH_ALLGATHER_VSHORT_MSG                     = 8192-16384
PE 0:   MPICH_ALLGATHERV_VSHORT_MSG                    = 8192-16384
PE 0:   MPICH_GATHERV_SHORT_MSG                        = 131072
PE 0:   MPICH_GATHERV_MIN_COMM_SIZE                    = 64
PE 0:   MPICH_GATHERV_MAX_TMP_SIZE                     = 536870912
PE 0:   MPICH_GATHERV_SYNC_FREQ                        = 16
PE 0:   MPICH_IGATHERV_MIN_COMM_SIZE                   = 1000
PE 0:   MPICH_IGATHERV_SYNC_FREQ                       = 100
PE 0:   MPICH_IGATHERV_RAND_COMMSIZE                   = 2048
PE 0:   MPICH_IGATHERV_RAND_RECVLIST                   = 0
PE 0:   MPICH_SCATTERV_SHORT_MSG                       = 2048-8192
PE 0:   MPICH_SCATTERV_MIN_COMM_SIZE                   = 64
PE 0:   MPICH_SCATTERV_MAX_TMP_SIZE                    = 536870912
PE 0:   MPICH_SCATTERV_SYNC_FREQ                       = 16
PE 0:   MPICH_SCATTERV_SYNCHRONOUS                     = 0
PE 0:   MPICH_ALLREDUCE_MAX_SMP_SIZE                   = 262144
PE 0:   MPICH_ALLREDUCE_BLK_SIZE                       = 716800
PE 0:   MPICH_GPU_ALLGATHER_VSHORT_MSG_ALGORITHM       = 1
PE 0:   MPICH_GPU_ALLREDUCE_USE_KERNEL                 = 0
PE 0:   MPICH_GPU_COLL_STAGING_BUF_SIZE                = 1048576
PE 0:   MPICH_GPU_ALLREDUCE_STAGING_THRESHOLD          = 256
PE 0:   MPICH_ALLREDUCE_NO_SMP                         = 0
PE 0:   MPICH_REDUCE_NO_SMP                            = 0
PE 0:   MPICH_REDUCE_SCATTER_COMMUTATIVE_LONG_MSG_SIZE = 524288
PE 0:   MPICH_REDUCE_SCATTER_MAX_COMMSIZE              = 1000
PE 0:   MPICH_SHARED_MEM_COLL_OPT                      = 1
PE 0:   MPICH_SHARED_MEM_COLL_NCELLS                   = 8
PE 0:   MPICH_SHARED_MEM_COLL_CELLSZ                   = 256
PE 0: MPICH MPIIO environment settings ===============================
PE 0:   MPICH_MPIIO_HINTS_DISPLAY                      = 0
PE 0:   MPICH_MPIIO_HINTS                              = NULL
PE 0:   MPICH_MPIIO_ABORT_ON_RW_ERROR                  = disable
PE 0:   MPICH_MPIIO_CB_ALIGN                           = 2
PE 0:   MPICH_MPIIO_DVS_MAXNODES                       = 24
PE 0:   MPICH_MPIIO_AGGREGATOR_PLACEMENT_DISPLAY       = 0
PE 0:   MPICH_MPIIO_AGGREGATOR_PLACEMENT_STRIDE        = -1
PE 0:   MPICH_MPIIO_MAX_NUM_IRECV                      = 50
PE 0:   MPICH_MPIIO_MAX_NUM_ISEND                      = 50
PE 0:   MPICH_MPIIO_MAX_SIZE_ISEND                     = 10485760
PE 0:   MPICH_MPIIO_OFI_STARTUP_CONNECT                = disable
PE 0:   MPICH_MPIIO_OFI_STARTUP_NODES_AGGREGATOR        = 2
PE 0: MPICH MPIIO statistics environment settings ====================
PE 0:   MPICH_MPIIO_STATS                              = 0
PE 0:   MPICH_MPIIO_TIMERS                             = 0
PE 0:   MPICH_MPIIO_WRITE_EXIT_BARRIER                 = 1
PE 0: MPICH Thread Safety settings ===================================
PE 0:   MPICH_ASYNC_PROGRESS                           = 0
PE 0:   MPICH_OPT_THREAD_SYNC                          = 1
PE 0:   rank 0 required = single, was provided = single
PE 0: MPICH processor detected:
PE 0:   AMD Milan (25:1:1) (family:model:stepping)
PE 0: MPICH environment settings =====================================
PE 0:   MPICH_ENV_DISPLAY                              = 1
PE 0:   MPICH_VERSION_DISPLAY                          = 0
PE 0:   MPICH_ABORT_ON_ERROR                           = 0
PE 0:   MPICH_CPUMASK_DISPLAY                          = 0
PE 0:   MPICH_STATS_DISPLAY                            = 0
PE 0:   MPICH_RANK_REORDER_METHOD                      = 1
PE 0:   MPICH_RANK_REORDER_DISPLAY                     = 0
PE 0:   MPICH_MEMCPY_MEM_CHECK                         = 0
PE 0:   MPICH_USE_SYSTEM_MEMCPY                        = 0
PE 0:   MPICH_OPTIMIZED_MEMCPY                         = 1
PE 0:   MPICH_ALLOC_MEM_PG_SZ                          = 4096
PE 0:   MPICH_ALLOC_MEM_POLICY                         = PREFERRED
PE 0:   MPICH_ALLOC_MEM_AFFINITY                       = SYS_DEFAULT
PE 0:   MPICH_MALLOC_FALLBACK                          = 0
PE 0:   MPICH_MEM_DEBUG_FNAME                          = 
PE 0:   MPICH_INTERNAL_MEM_AFFINITY                    = SYS_DEFAULT
PE 0:   MPICH_NO_BUFFER_ALIAS_CHECK                    = 0
PE 0:   MPICH_COLL_SYNC                                = 0
PE 0:   MPICH_SINGLE_HOST_ENABLED                        = 1
PE 0:   MPICH_USE_PERSISTENT_TOPS                      = 0
PE 0:   MPICH_DISABLE_PERSISTENT_RECV_TOPS             = 0
PE 0:   MPICH_MAX_TOPS_COUNTERS                        = 0
PE 0:   MPICH_ENABLE_ACTIVE_WAIT                       = 0
PE 0: MPICH/RMA environment settings =================================
PE 0:   MPICH_RMA_MAX_PENDING                          = 128
PE 0:   MPICH_RMA_SHM_ACCUMULATE                       = 0
PE 0: MPICH/Dynamic Process Management environment settings ==========
PE 0:   MPICH_DPM_DIR                                  = 
PE 0:   MPICH_LOCAL_SPAWN_SERVER                       = 0
PE 0:   MPICH_SPAWN_USE_RANKPOOL                       = 0
PE 0: MPICH/SMP environment settings =================================
PE 0:   MPICH_SMP_SINGLE_COPY_MODE                     = XPMEM
PE 0:   MPICH_SMP_SINGLE_COPY_SIZE                     = 8192
PE 0:   MPICH_SHM_PROGRESS_MAX_BATCH_SIZE              = 8
PE 0: MPICH/OFI environment settings =================================
PE 0:   MPICH_OFI_USE_PROVIDER                         = cxi
PE 0:   MPICH_OFI_VERBOSE                              = 0
PE 0:   MPICH_OFI_NIC_VERBOSE                          = 0
PE 0:   FI_CXI_RDZV_THRESHOLD                          = 16384
PE 0:   FI_CXI_RDZV_EAGER_SIZE                         = 2048
PE 0:   FI_CXI_DEFAULT_CQ_SIZE                         = 131072
PE 0:   FI_CXI_DEFAULT_TX_SIZE                         = 1024
PE 0:   FI_CXI_OFLOW_BUF_SIZE                          = 12582912
PE 0:   FI_CXI_OFLOW_BUF_COUNT                         = 3
PE 0:   FI_CXI_RX_MATCH_MODE                           = hybrid
PE 0:   FI_CXI_REQ_BUF_MIN_POSTED                      = 6
PE 0:   FI_CXI_REQ_BUF_SIZE                            = 12582912
PE 0:   FI_CXI_REQ_BUF_MAX_CACHED                      = 0
PE 0:   FI_MR_CACHE_MAX_SIZE                           = -1
PE 0:   FI_MR_CACHE_MAX_COUNT                          = 524288
PE 0:   MPICH_OFI_DEFAULT_TCLASS                       = TC_BEST_EFFORT
PE 0:   MPICH_OFI_TCLASS_ERRORS                        = warn
PE 0:   MPICH_OFI_CXI_PID_BASE                         = 0
PE 0:   MPICH_OFI_USE_SCALABLE_STARTUP                 = 1
PE 0:   MPICH_OFI_CXI_COUNTER_REPORT                   = 0
PE 0:   MPICH_OFI_CXI_COUNTER_VERBOSE                  = 0
PE 0:   MPICH_OFI_CXI_COUNTER_FILE                     = NULL
PE 0:   MPICH_OFI_CXI_COUNTER_REPORT_FILE              = NULL
PE 0:   MPICH_OFI_NIC_POLICY                           = BLOCK
PE 0:   MPICH_OFI_NIC_MAPPING                          = NULL
PE 0:   MPICH_OFI_NUM_NICS                             = NULL
PE 0:   MPICH_CH4_OFI_ENABLE_CONTROL_AUTO_PROGRESS     = -1
PE 0:   MPICH_CH4_OFI_ENABLE_DATA_AUTO_PROGRESS        = -1
PE 0:   MPICH_OFI_RMA_STARTUP_CONNECT                  = 0
PE 0:   MPICH_OFI_SKIP_NIC_SYMMETRY_TEST               = 0
PE 0:   MPICH_OFI_STARTUP_CONNECT                      = 0
PE 0: MPICH/COLLECTIVE environment settings ==========================
PE 0:   MPICH_COLL_OPT_OFF                             = 0
PE 0:   MPICH_BCAST_ONLY_TREE                          = 1
PE 0:   MPICH_BCAST_INTERNODE_RADIX                    = 4
PE 0:   MPICH_BCAST_INTRANODE_RADIX                    = 4
PE 0:   MPICH_ALLTOALL_SHORT_MSG                       = 64-512
PE 0:   MPICH_ALLTOALL_SYNC_FREQ                       = 1-24
PE 0:   MPICH_ALLTOALL_BLK_SIZE                        = 16384
PE 0:   MPICH_ALLTOALL_CHUNKING_MAX_NODES              = 90
PE 0:   MPICH_ALLTOALLV_THROTTLE                       = 8
PE 0:   MPICH_ALLGATHER_VSHORT_MSG                     = 8192-16384
PE 0:   MPICH_ALLGATHERV_VSHORT_MSG                    = 8192-16384
PE 0:   MPICH_GATHERV_SHORT_MSG                        = 131072
PE 0:   MPICH_GATHERV_MIN_COMM_SIZE                    = 64
PE 0:   MPICH_GATHERV_MAX_TMP_SIZE                     = 536870912
PE 0:   MPICH_GATHERV_SYNC_FREQ                        = 16
PE 0:   MPICH_IGATHERV_MIN_COMM_SIZE                   = 1000
PE 0:   MPICH_IGATHERV_SYNC_FREQ                       = 100
PE 0:   MPICH_IGATHERV_RAND_COMMSIZE                   = 2048
PE 0:   MPICH_IGATHERV_RAND_RECVLIST                   = 0
PE 0:   MPICH_SCATTERV_SHORT_MSG                       = 2048-8192
PE 0:   MPICH_SCATTERV_MIN_COMM_SIZE                   = 64
PE 0:   MPICH_SCATTERV_MAX_TMP_SIZE                    = 536870912
PE 0:   MPICH_SCATTERV_SYNC_FREQ                       = 16
PE 0:   MPICH_SCATTERV_SYNCHRONOUS                     = 0
PE 0:   MPICH_ALLREDUCE_MAX_SMP_SIZE                   = 262144
PE 0:   MPICH_ALLREDUCE_BLK_SIZE                       = 716800
PE 0:   MPICH_GPU_ALLGATHER_VSHORT_MSG_ALGORITHM       = 1
PE 0:   MPICH_GPU_ALLREDUCE_USE_KERNEL                 = 0
PE 0:   MPICH_GPU_COLL_STAGING_BUF_SIZE                = 1048576
PE 0:   MPICH_GPU_ALLREDUCE_STAGING_THRESHOLD          = 256
PE 0:   MPICH_ALLREDUCE_NO_SMP                         = 0
PE 0:   MPICH_REDUCE_NO_SMP                            = 0
PE 0:   MPICH_REDUCE_SCATTER_COMMUTATIVE_LONG_MSG_SIZE = 524288
PE 0:   MPICH_REDUCE_SCATTER_MAX_COMMSIZE              = 1000
PE 0:   MPICH_SHARED_MEM_COLL_OPT                      = 1
PE 0:   MPICH_SHARED_MEM_COLL_NCELLS                   = 8
PE 0:   MPICH_SHARED_MEM_COLL_CELLSZ                   = 256
PE 0: MPICH MPIIO environment settings ===============================
PE 0:   MPICH_MPIIO_HINTS_DISPLAY                      = 0
PE 0:   MPICH_MPIIO_HINTS                              = NULL
PE 0:   MPICH_MPIIO_ABORT_ON_RW_ERROR                  = disable
PE 0:   MPICH_MPIIO_CB_ALIGN                           = 2
PE 0:   MPICH_MPIIO_DVS_MAXNODES                       = 24
PE 0:   MPICH_MPIIO_AGGREGATOR_PLACEMENT_DISPLAY       = 0
PE 0:   MPICH_MPIIO_AGGREGATOR_PLACEMENT_STRIDE        = -1
PE 0:   MPICH_MPIIO_MAX_NUM_IRECV                      = 50
PE 0:   MPICH_MPIIO_MAX_NUM_ISEND                      = 50
PE 0:   MPICH_MPIIO_MAX_SIZE_ISEND                     = 10485760
PE 0:   MPICH_MPIIO_OFI_STARTUP_CONNECT                = disable
PE 0:   MPICH_MPIIO_OFI_STARTUP_NODES_AGGREGATOR        = 2
PE 0: MPICH MPIIO statistics environment settings ====================
PE 0:   MPICH_MPIIO_STATS                              = 0
PE 0:   MPICH_MPIIO_TIMERS                             = 0
PE 0:   MPICH_MPIIO_WRITE_EXIT_BARRIER                 = 1
PE 0: MPICH Thread Safety settings ===================================
PE 0:   MPICH_ASYNC_PROGRESS                           = 0
PE 0:   MPICH_OPT_THREAD_SYNC                          = 1
PE 0:   rank 0 required = single, was provided = single
PE 0: MPICH processor detected:
PE 0:   AMD Milan (25:1:1) (family:model:stepping)
PE 0: MPICH environment settings =====================================
PE 0:   MPICH_ENV_DISPLAY                              = 1
PE 0:   MPICH_VERSION_DISPLAY                          = 0
PE 0:   MPICH_ABORT_ON_ERROR                           = 0
PE 0:   MPICH_CPUMASK_DISPLAY                          = 0
PE 0:   MPICH_STATS_DISPLAY                            = 0
PE 0:   MPICH_RANK_REORDER_METHOD                      = 1
PE 0:   MPICH_RANK_REORDER_DISPLAY                     = 0
PE 0:   MPICH_MEMCPY_MEM_CHECK                         = 0
PE 0:   MPICH_USE_SYSTEM_MEMCPY                        = 0
PE 0:   MPICH_OPTIMIZED_MEMCPY                         = 1
PE 0:   MPICH_ALLOC_MEM_PG_SZ                          = 4096
PE 0:   MPICH_ALLOC_MEM_POLICY                         = PREFERRED
PE 0:   MPICH_ALLOC_MEM_AFFINITY                       = SYS_DEFAULT
PE 0:   MPICH_MALLOC_FALLBACK                          = 0
PE 0:   MPICH_MEM_DEBUG_FNAME                          = 
PE 0:   MPICH_INTERNAL_MEM_AFFINITY                    = SYS_DEFAULT
PE 0:   MPICH_NO_BUFFER_ALIAS_CHECK                    = 0
PE 0:   MPICH_COLL_SYNC                                = 0
PE 0:   MPICH_SINGLE_HOST_ENABLED                        = 1
PE 0:   MPICH_USE_PERSISTENT_TOPS                      = 0
PE 0:   MPICH_DISABLE_PERSISTENT_RECV_TOPS             = 0
PE 0:   MPICH_MAX_TOPS_COUNTERS                        = 0
PE 0:   MPICH_ENABLE_ACTIVE_WAIT                       = 0
PE 0: MPICH/RMA environment settings =================================
PE 0:   MPICH_RMA_MAX_PENDING                          = 128
PE 0:   MPICH_RMA_SHM_ACCUMULATE                       = 0
PE 0: MPICH/Dynamic Process Management environment settings ==========
PE 0:   MPICH_DPM_DIR                                  = 
PE 0:   MPICH_LOCAL_SPAWN_SERVER                       = 0
PE 0:   MPICH_SPAWN_USE_RANKPOOL                       = 0
PE 0: MPICH/SMP environment settings =================================
PE 0:   MPICH_SMP_SINGLE_COPY_MODE                     = XPMEM
PE 0:   MPICH_SMP_SINGLE_COPY_SIZE                     = 8192
PE 0:   MPICH_SHM_PROGRESS_MAX_BATCH_SIZE              = 8
PE 0: MPICH/OFI environment settings =================================
PE 0:   MPICH_OFI_USE_PROVIDER                         = cxi
PE 0:   MPICH_OFI_VERBOSE                              = 0
PE 0:   MPICH_OFI_NIC_VERBOSE                          = 0
PE 0:   FI_CXI_RDZV_THRESHOLD                          = 16384
PE 0:   FI_CXI_RDZV_EAGER_SIZE                         = 2048
PE 0:   FI_CXI_DEFAULT_CQ_SIZE                         = 131072
PE 0:   FI_CXI_DEFAULT_TX_SIZE                         = 1024
PE 0:   FI_CXI_OFLOW_BUF_SIZE                          = 12582912
PE 0:   FI_CXI_OFLOW_BUF_COUNT                         = 3
PE 0:   FI_CXI_RX_MATCH_MODE                           = hybrid
PE 0:   FI_CXI_REQ_BUF_MIN_POSTED                      = 6
PE 0:   FI_CXI_REQ_BUF_SIZE                            = 12582912
PE 0:   FI_CXI_REQ_BUF_MAX_CACHED                      = 0
PE 0:   FI_MR_CACHE_MAX_SIZE                           = -1
PE 0:   FI_MR_CACHE_MAX_COUNT                          = 524288
PE 0:   MPICH_OFI_DEFAULT_TCLASS                       = TC_BEST_EFFORT
PE 0:   MPICH_OFI_TCLASS_ERRORS                        = warn
PE 0:   MPICH_OFI_CXI_PID_BASE                         = 0
PE 0:   MPICH_OFI_USE_SCALABLE_STARTUP                 = 1
PE 0:   MPICH_OFI_CXI_COUNTER_REPORT                   = 0
PE 0:   MPICH_OFI_CXI_COUNTER_VERBOSE                  = 0
PE 0:   MPICH_OFI_CXI_COUNTER_FILE                     = NULL
PE 0:   MPICH_OFI_CXI_COUNTER_REPORT_FILE              = NULL
PE 0:   MPICH_OFI_NIC_POLICY                           = BLOCK
PE 0:   MPICH_OFI_NIC_MAPPING                          = NULL
PE 0:   MPICH_OFI_NUM_NICS                             = NULL
PE 0:   MPICH_CH4_OFI_ENABLE_CONTROL_AUTO_PROGRESS     = -1
PE 0:   MPICH_CH4_OFI_ENABLE_DATA_AUTO_PROGRESS        = -1
PE 0:   MPICH_OFI_RMA_STARTUP_CONNECT                  = 0
PE 0:   MPICH_OFI_SKIP_NIC_SYMMETRY_TEST               = 0
PE 0:   MPICH_OFI_STARTUP_CONNECT                      = 0
PE 0: MPICH/COLLECTIVE environment settings ==========================
PE 0:   MPICH_COLL_OPT_OFF                             = 0
PE 0:   MPICH_BCAST_ONLY_TREE                          = 1
PE 0:   MPICH_BCAST_INTERNODE_RADIX                    = 4
PE 0:   MPICH_BCAST_INTRANODE_RADIX                    = 4
PE 0:   MPICH_ALLTOALL_SHORT_MSG                       = 64-512
PE 0:   MPICH_ALLTOALL_SYNC_FREQ                       = 1-24
PE 0:   MPICH_ALLTOALL_BLK_SIZE                        = 16384
PE 0:   MPICH_ALLTOALL_CHUNKING_MAX_NODES              = 90
PE 0:   MPICH_ALLTOALLV_THROTTLE                       = 8
PE 0:   MPICH_ALLGATHER_VSHORT_MSG                     = 8192-16384
PE 0:   MPICH_ALLGATHERV_VSHORT_MSG                    = 8192-16384
PE 0:   MPICH_GATHERV_SHORT_MSG                        = 131072
PE 0:   MPICH_GATHERV_MIN_COMM_SIZE                    = 64
PE 0:   MPICH_GATHERV_MAX_TMP_SIZE                     = 536870912
PE 0:   MPICH_GATHERV_SYNC_FREQ                        = 16
PE 0:   MPICH_IGATHERV_MIN_COMM_SIZE                   = 1000
PE 0:   MPICH_IGATHERV_SYNC_FREQ                       = 100
PE 0:   MPICH_IGATHERV_RAND_COMMSIZE                   = 2048
PE 0:   MPICH_IGATHERV_RAND_RECVLIST                   = 0
PE 0:   MPICH_SCATTERV_SHORT_MSG                       = 2048-8192
PE 0:   MPICH_SCATTERV_MIN_COMM_SIZE                   = 64
PE 0:   MPICH_SCATTERV_MAX_TMP_SIZE                    = 536870912
PE 0:   MPICH_SCATTERV_SYNC_FREQ                       = 16
PE 0:   MPICH_SCATTERV_SYNCHRONOUS                     = 0
PE 0:   MPICH_ALLREDUCE_MAX_SMP_SIZE                   = 262144
PE 0:   MPICH_ALLREDUCE_BLK_SIZE                       = 716800
PE 0:   MPICH_GPU_ALLGATHER_VSHORT_MSG_ALGORITHM       = 1
PE 0:   MPICH_GPU_ALLREDUCE_USE_KERNEL                 = 0
PE 0:   MPICH_GPU_COLL_STAGING_BUF_SIZE                = 1048576
PE 0:   MPICH_GPU_ALLREDUCE_STAGING_THRESHOLD          = 256
PE 0:   MPICH_ALLREDUCE_NO_SMP                         = 0
PE 0:   MPICH_REDUCE_NO_SMP                            = 0
PE 0:   MPICH_REDUCE_SCATTER_COMMUTATIVE_LONG_MSG_SIZE = 524288
PE 0:   MPICH_REDUCE_SCATTER_MAX_COMMSIZE              = 1000
PE 0:   MPICH_SHARED_MEM_COLL_OPT                      = 1
PE 0:   MPICH_SHARED_MEM_COLL_NCELLS                   = 8
PE 0:   MPICH_SHARED_MEM_COLL_CELLSZ                   = 256
PE 0: MPICH MPIIO environment settings ===============================
PE 0:   MPICH_MPIIO_HINTS_DISPLAY                      = 0
PE 0:   MPICH_MPIIO_HINTS                              = NULL
PE 0:   MPICH_MPIIO_ABORT_ON_RW_ERROR                  = disable
PE 0:   MPICH_MPIIO_CB_ALIGN                           = 2
PE 0:   MPICH_MPIIO_DVS_MAXNODES                       = 24
PE 0:   MPICH_MPIIO_AGGREGATOR_PLACEMENT_DISPLAY       = 0
PE 0:   MPICH_MPIIO_AGGREGATOR_PLACEMENT_STRIDE        = -1
PE 0:   MPICH_MPIIO_MAX_NUM_IRECV                      = 50
PE 0:   MPICH_MPIIO_MAX_NUM_ISEND                      = 50
PE 0:   MPICH_MPIIO_MAX_SIZE_ISEND                     = 10485760
PE 0:   MPICH_MPIIO_OFI_STARTUP_CONNECT                = disable
PE 0:   MPICH_MPIIO_OFI_STARTUP_NODES_AGGREGATOR        = 2
PE 0: MPICH MPIIO statistics environment settings ====================
PE 0:   MPICH_MPIIO_STATS                              = 0
PE 0:   MPICH_MPIIO_TIMERS                             = 0
PE 0:   MPICH_MPIIO_WRITE_EXIT_BARRIER                 = 1
PE 0: MPICH Thread Safety settings ===================================
PE 0:   MPICH_ASYNC_PROGRESS                           = 0
PE 0:   MPICH_OPT_THREAD_SYNC                          = 1
PE 0:   rank 0 required = single, was provided = single
PE 0: MPICH processor detected:
PE 0:   AMD Milan (25:1:1) (family:model:stepping)
PE 0: MPICH environment settings =====================================
PE 0:   MPICH_ENV_DISPLAY                              = 1
PE 0:   MPICH_VERSION_DISPLAY                          = 0
PE 0:   MPICH_ABORT_ON_ERROR                           = 0
PE 0:   MPICH_CPUMASK_DISPLAY                          = 0
PE 0:   MPICH_STATS_DISPLAY                            = 0
PE 0:   MPICH_RANK_REORDER_METHOD                      = 1
PE 0:   MPICH_RANK_REORDER_DISPLAY                     = 0
PE 0:   MPICH_MEMCPY_MEM_CHECK                         = 0
PE 0:   MPICH_USE_SYSTEM_MEMCPY                        = 0
PE 0:   MPICH_OPTIMIZED_MEMCPY                         = 1
PE 0:   MPICH_ALLOC_MEM_PG_SZ                          = 4096
PE 0:   MPICH_ALLOC_MEM_POLICY                         = PREFERRED
PE 0:   MPICH_ALLOC_MEM_AFFINITY                       = SYS_DEFAULT
PE 0:   MPICH_MALLOC_FALLBACK                          = 0
PE 0:   MPICH_MEM_DEBUG_FNAME                          = 
PE 0:   MPICH_INTERNAL_MEM_AFFINITY                    = SYS_DEFAULT
PE 0:   MPICH_NO_BUFFER_ALIAS_CHECK                    = 0
PE 0:   MPICH_COLL_SYNC                                = 0
PE 0:   MPICH_SINGLE_HOST_ENABLED                        = 1
PE 0:   MPICH_USE_PERSISTENT_TOPS                      = 0
PE 0:   MPICH_DISABLE_PERSISTENT_RECV_TOPS             = 0
PE 0:   MPICH_MAX_TOPS_COUNTERS                        = 0
PE 0:   MPICH_ENABLE_ACTIVE_WAIT                       = 0
PE 0: MPICH/RMA environment settings =================================
PE 0:   MPICH_RMA_MAX_PENDING                          = 128
PE 0:   MPICH_RMA_SHM_ACCUMULATE                       = 0
PE 0: MPICH/Dynamic Process Management environment settings ==========
PE 0:   MPICH_DPM_DIR                                  = 
PE 0:   MPICH_LOCAL_SPAWN_SERVER                       = 0
PE 0:   MPICH_SPAWN_USE_RANKPOOL                       = 0
PE 0: MPICH/SMP environment settings =================================
PE 0:   MPICH_SMP_SINGLE_COPY_MODE                     = XPMEM
PE 0:   MPICH_SMP_SINGLE_COPY_SIZE                     = 8192
PE 0:   MPICH_SHM_PROGRESS_MAX_BATCH_SIZE              = 8
PE 0: MPICH/OFI environment settings =================================
PE 0:   MPICH_OFI_USE_PROVIDER                         = cxi
PE 0:   MPICH_OFI_VERBOSE                              = 0
PE 0:   MPICH_OFI_NIC_VERBOSE                          = 0
PE 0:   FI_CXI_RDZV_THRESHOLD                          = 16384
PE 0:   FI_CXI_RDZV_EAGER_SIZE                         = 2048
PE 0:   FI_CXI_DEFAULT_CQ_SIZE                         = 131072
PE 0:   FI_CXI_DEFAULT_TX_SIZE                         = 1024
PE 0:   FI_CXI_OFLOW_BUF_SIZE                          = 12582912
PE 0:   FI_CXI_OFLOW_BUF_COUNT                         = 3
PE 0:   FI_CXI_RX_MATCH_MODE                           = hybrid
PE 0:   FI_CXI_REQ_BUF_MIN_POSTED                      = 6
PE 0:   FI_CXI_REQ_BUF_SIZE                            = 12582912
PE 0:   FI_CXI_REQ_BUF_MAX_CACHED                      = 0
PE 0:   FI_MR_CACHE_MAX_SIZE                           = -1
PE 0:   FI_MR_CACHE_MAX_COUNT                          = 524288
PE 0:   MPICH_OFI_DEFAULT_TCLASS                       = TC_BEST_EFFORT
PE 0:   MPICH_OFI_TCLASS_ERRORS                        = warn
PE 0:   MPICH_OFI_CXI_PID_BASE                         = 0
PE 0:   MPICH_OFI_USE_SCALABLE_STARTUP                 = 1
PE 0:   MPICH_OFI_CXI_COUNTER_REPORT                   = 0
PE 0:   MPICH_OFI_CXI_COUNTER_VERBOSE                  = 0
PE 0:   MPICH_OFI_CXI_COUNTER_FILE                     = NULL
PE 0:   MPICH_OFI_CXI_COUNTER_REPORT_FILE              = NULL
PE 0:   MPICH_OFI_NIC_POLICY                           = BLOCK
PE 0:   MPICH_OFI_NIC_MAPPING                          = NULL
PE 0:   MPICH_OFI_NUM_NICS                             = NULL
PE 0:   MPICH_CH4_OFI_ENABLE_CONTROL_AUTO_PROGRESS     = -1
PE 0:   MPICH_CH4_OFI_ENABLE_DATA_AUTO_PROGRESS        = -1
PE 0:   MPICH_OFI_RMA_STARTUP_CONNECT                  = 0
PE 0:   MPICH_OFI_SKIP_NIC_SYMMETRY_TEST               = 0
PE 0:   MPICH_OFI_STARTUP_CONNECT                      = 0
PE 0: MPICH/COLLECTIVE environment settings ==========================
PE 0:   MPICH_COLL_OPT_OFF                             = 0
PE 0:   MPICH_BCAST_ONLY_TREE                          = 1
PE 0:   MPICH_BCAST_INTERNODE_RADIX                    = 4
PE 0:   MPICH_BCAST_INTRANODE_RADIX                    = 4
PE 0:   MPICH_ALLTOALL_SHORT_MSG                       = 64-512
PE 0:   MPICH_ALLTOALL_SYNC_FREQ                       = 1-24
PE 0:   MPICH_ALLTOALL_BLK_SIZE                        = 16384
PE 0:   MPICH_ALLTOALL_CHUNKING_MAX_NODES              = 90
PE 0:   MPICH_ALLTOALLV_THROTTLE                       = 8
PE 0:   MPICH_ALLGATHER_VSHORT_MSG                     = 8192-16384
PE 0:   MPICH_ALLGATHERV_VSHORT_MSG                    = 8192-16384
PE 0:   MPICH_GATHERV_SHORT_MSG                        = 131072
PE 0:   MPICH_GATHERV_MIN_COMM_SIZE                    = 64
PE 0:   MPICH_GATHERV_MAX_TMP_SIZE                     = 536870912
PE 0:   MPICH_GATHERV_SYNC_FREQ                        = 16
PE 0:   MPICH_IGATHERV_MIN_COMM_SIZE                   = 1000
PE 0:   MPICH_IGATHERV_SYNC_FREQ                       = 100
PE 0:   MPICH_IGATHERV_RAND_COMMSIZE                   = 2048
PE 0:   MPICH_IGATHERV_RAND_RECVLIST                   = 0
PE 0:   MPICH_SCATTERV_SHORT_MSG                       = 2048-8192
PE 0:   MPICH_SCATTERV_MIN_COMM_SIZE                   = 64
PE 0:   MPICH_SCATTERV_MAX_TMP_SIZE                    = 536870912
PE 0:   MPICH_SCATTERV_SYNC_FREQ                       = 16
PE 0:   MPICH_SCATTERV_SYNCHRONOUS                     = 0
PE 0:   MPICH_ALLREDUCE_MAX_SMP_SIZE                   = 262144
PE 0:   MPICH_ALLREDUCE_BLK_SIZE                       = 716800
PE 0:   MPICH_GPU_ALLGATHER_VSHORT_MSG_ALGORITHM       = 1
PE 0:   MPICH_GPU_ALLREDUCE_USE_KERNEL                 = 0
PE 0:   MPICH_GPU_COLL_STAGING_BUF_SIZE                = 1048576
PE 0:   MPICH_GPU_ALLREDUCE_STAGING_THRESHOLD          = 256
PE 0:   MPICH_ALLREDUCE_NO_SMP                         = 0
PE 0:   MPICH_REDUCE_NO_SMP                            = 0
PE 0:   MPICH_REDUCE_SCATTER_COMMUTATIVE_LONG_MSG_SIZE = 524288
PE 0:   MPICH_REDUCE_SCATTER_MAX_COMMSIZE              = 1000
PE 0:   MPICH_SHARED_MEM_COLL_OPT                      = 1
PE 0:   MPICH_SHARED_MEM_COLL_NCELLS                   = 8
PE 0:   MPICH_SHARED_MEM_COLL_CELLSZ                   = 256
PE 0: MPICH MPIIO environment settings ===============================
PE 0:   MPICH_MPIIO_HINTS_DISPLAY                      = 0
PE 0:   MPICH_MPIIO_HINTS                              = NULL
PE 0:   MPICH_MPIIO_ABORT_ON_RW_ERROR                  = disable
PE 0:   MPICH_MPIIO_CB_ALIGN                           = 2
PE 0:   MPICH_MPIIO_DVS_MAXNODES                       = 24
PE 0:   MPICH_MPIIO_AGGREGATOR_PLACEMENT_DISPLAY       = 0
PE 0:   MPICH_MPIIO_AGGREGATOR_PLACEMENT_STRIDE        = -1
PE 0:   MPICH_MPIIO_MAX_NUM_IRECV                      = 50
PE 0:   MPICH_MPIIO_MAX_NUM_ISEND                      = 50
PE 0:   MPICH_MPIIO_MAX_SIZE_ISEND                     = 10485760
PE 0:   MPICH_MPIIO_OFI_STARTUP_CONNECT                = disable
PE 0:   MPICH_MPIIO_OFI_STARTUP_NODES_AGGREGATOR        = 2
PE 0: MPICH MPIIO statistics environment settings ====================
PE 0:   MPICH_MPIIO_STATS                              = 0
PE 0:   MPICH_MPIIO_TIMERS                             = 0
PE 0:   MPICH_MPIIO_WRITE_EXIT_BARRIER                 = 1
PE 0: MPICH Thread Safety settings ===================================
PE 0:   MPICH_ASYNC_PROGRESS                           = 0
PE 0:   MPICH_OPT_THREAD_SYNC                          = 1
PE 0:   rank 0 required = single, was provided = single
[7]  + Done                          srun -N 10 -n 80 -c 32 --cpu_bind=cores /pscratch/sd/s/segeorge/20CRV3_CoriII_stripe4//bin/getsigensmeanp.x /pscratch/sd/s/segeorge//gfsenkf_20crV3_cmip5oz_CoriII/ensda_461_1924//1930061206/ sfg_1930061206_fhr09_ensmean sfg_1930061206_fhr09 80
[6]  + Done                          srun -N 10 -n 80 -c 32 --cpu_bind=cores /pscratch/sd/s/segeorge/20CRV3_CoriII_stripe4//bin/getsigensmeanp.x /pscratch/sd/s/segeorge//gfsenkf_20crV3_cmip5oz_CoriII/ensda_461_1924//1930061206/ sfg_1930061206_fhr06_ensmean sfg_1930061206_fhr06 80
[5]  + Done                          srun -N 10 -n 80 -c 32 --cpu_bind=cores /pscratch/sd/s/segeorge/20CRV3_CoriII_stripe4//bin/getsigensmeanp.x /pscratch/sd/s/segeorge//gfsenkf_20crV3_cmip5oz_CoriII/ensda_461_1924//1930061206/ sfg_1930061206_fhr03_ensmean sfg_1930061206_fhr03 80
[4]  + Done                          srun -N 10 -n 80 -c 32 --cpu_bind=cores /pscratch/sd/s/segeorge/20CRV3_CoriII_stripe4//bin/getsfcensmeanp.x /pscratch/sd/s/segeorge//gfsenkf_20crV3_cmip5oz_CoriII/ensda_461_1924//1930061206/ bfg_1930061206_fhr09_ensmean bfg_1930061206_fhr09 80
[3]  + Done                          srun -N 10 -n 80 -c 32 --cpu_bind=cores /pscratch/sd/s/segeorge/20CRV3_CoriII_stripe4//bin/getsfcensmeanp.x /pscratch/sd/s/segeorge//gfsenkf_20crV3_cmip5oz_CoriII/ensda_461_1924//1930061206/ bfg_1930061206_fhr06_ensmean bfg_1930061206_fhr06 80
[2]  + Done                          srun -N 10 -n 80 -c 32 --cpu_bind=cores /pscratch/sd/s/segeorge/20CRV3_CoriII_stripe4//bin/getsfcensmeanp.x /pscratch/sd/s/segeorge//gfsenkf_20crV3_cmip5oz_CoriII/ensda_461_1924//1930061206/ bfg_1930061206_fhr03_ensmean bfg_1930061206_fhr03 80
[1]  + Done                          python3 /global/homes/s/segeorge/coriII_home/20CRv3_scripts/ensda_461_1924/get_biascorr3.py 1930061206 /pscratch/sd/s/segeorge//gfsenkf_20crV3_cmip5oz_CoriII/ensda_461_1924//1930061206//psobs.txt
srun: Step created for StepId=30585091.10
PE 0: MPICH processor detected:
PE 0:   AMD Milan (25:1:1) (family:model:stepping)
PE 0: MPICH environment settings =====================================
PE 0:   MPICH_ENV_DISPLAY                              = 1
PE 0:   MPICH_VERSION_DISPLAY                          = 0
PE 0:   MPICH_ABORT_ON_ERROR                           = 0
PE 0:   MPICH_CPUMASK_DISPLAY                          = 0
PE 0:   MPICH_STATS_DISPLAY                            = 0
PE 0:   MPICH_RANK_REORDER_METHOD                      = 1
PE 0:   MPICH_RANK_REORDER_DISPLAY                     = 0
PE 0:   MPICH_MEMCPY_MEM_CHECK                         = 0
PE 0:   MPICH_USE_SYSTEM_MEMCPY                        = 0
PE 0:   MPICH_OPTIMIZED_MEMCPY                         = 1
PE 0:   MPICH_ALLOC_MEM_PG_SZ                          = 4096
PE 0:   MPICH_ALLOC_MEM_POLICY                         = PREFERRED
PE 0:   MPICH_ALLOC_MEM_AFFINITY                       = SYS_DEFAULT
PE 0:   MPICH_MALLOC_FALLBACK                          = 0
PE 0:   MPICH_MEM_DEBUG_FNAME                          = 
PE 0:   MPICH_INTERNAL_MEM_AFFINITY                    = SYS_DEFAULT
PE 0:   MPICH_NO_BUFFER_ALIAS_CHECK                    = 0
PE 0:   MPICH_COLL_SYNC                                = 0
PE 0:   MPICH_SINGLE_HOST_ENABLED                        = 1
PE 0:   MPICH_USE_PERSISTENT_TOPS                      = 0
PE 0:   MPICH_DISABLE_PERSISTENT_RECV_TOPS             = 0
PE 0:   MPICH_MAX_TOPS_COUNTERS                        = 0
PE 0:   MPICH_ENABLE_ACTIVE_WAIT                       = 0
PE 0: MPICH/RMA environment settings =================================
PE 0:   MPICH_RMA_MAX_PENDING                          = 128
PE 0:   MPICH_RMA_SHM_ACCUMULATE                       = 0
PE 0: MPICH/Dynamic Process Management environment settings ==========
PE 0:   MPICH_DPM_DIR                                  = 
PE 0:   MPICH_LOCAL_SPAWN_SERVER                       = 0
PE 0:   MPICH_SPAWN_USE_RANKPOOL                       = 0
PE 0: MPICH/SMP environment settings =================================
PE 0:   MPICH_SMP_SINGLE_COPY_MODE                     = XPMEM
PE 0:   MPICH_SMP_SINGLE_COPY_SIZE                     = 8192
PE 0:   MPICH_SHM_PROGRESS_MAX_BATCH_SIZE              = 8
PE 0: MPICH/OFI environment settings =================================
PE 0:   MPICH_OFI_USE_PROVIDER                         = cxi
PE 0:   MPICH_OFI_VERBOSE                              = 0
PE 0:   MPICH_OFI_NIC_VERBOSE                          = 0
PE 0:   FI_CXI_RDZV_THRESHOLD                          = 16384
PE 0:   FI_CXI_RDZV_EAGER_SIZE                         = 2048
PE 0:   FI_CXI_DEFAULT_CQ_SIZE                         = 131072
PE 0:   FI_CXI_DEFAULT_TX_SIZE                         = 1024
PE 0:   FI_CXI_OFLOW_BUF_SIZE                          = 12582912
PE 0:   FI_CXI_OFLOW_BUF_COUNT                         = 3
PE 0:   FI_CXI_RX_MATCH_MODE                           = hybrid
PE 0:   FI_CXI_REQ_BUF_MIN_POSTED                      = 6
PE 0:   FI_CXI_REQ_BUF_SIZE                            = 12582912
PE 0:   FI_CXI_REQ_BUF_MAX_CACHED                      = 0
PE 0:   FI_MR_CACHE_MAX_SIZE                           = -1
PE 0:   FI_MR_CACHE_MAX_COUNT                          = 524288
PE 0:   MPICH_OFI_DEFAULT_TCLASS                       = TC_BEST_EFFORT
PE 0:   MPICH_OFI_TCLASS_ERRORS                        = warn
PE 0:   MPICH_OFI_CXI_PID_BASE                         = 0
PE 0:   MPICH_OFI_USE_SCALABLE_STARTUP                 = 1
PE 0:   MPICH_OFI_CXI_COUNTER_REPORT                   = 0
PE 0:   MPICH_OFI_CXI_COUNTER_VERBOSE                  = 0
PE 0:   MPICH_OFI_CXI_COUNTER_FILE                     = NULL
PE 0:   MPICH_OFI_CXI_COUNTER_REPORT_FILE              = NULL
PE 0:   MPICH_OFI_NIC_POLICY                           = BLOCK
PE 0:   MPICH_OFI_NIC_MAPPING                          = NULL
PE 0:   MPICH_OFI_NUM_NICS                             = NULL
PE 0:   MPICH_CH4_OFI_ENABLE_CONTROL_AUTO_PROGRESS     = -1
PE 0:   MPICH_CH4_OFI_ENABLE_DATA_AUTO_PROGRESS        = -1
PE 0:   MPICH_OFI_RMA_STARTUP_CONNECT                  = 0
PE 0:   MPICH_OFI_SKIP_NIC_SYMMETRY_TEST               = 0
PE 0:   MPICH_OFI_STARTUP_CONNECT                      = 0
PE 0: MPICH/COLLECTIVE environment settings ==========================
PE 0:   MPICH_COLL_OPT_OFF                             = 0
PE 0:   MPICH_BCAST_ONLY_TREE                          = 1
PE 0:   MPICH_BCAST_INTERNODE_RADIX                    = 4
PE 0:   MPICH_BCAST_INTRANODE_RADIX                    = 4
PE 0:   MPICH_ALLTOALL_SHORT_MSG                       = 64-512
PE 0:   MPICH_ALLTOALL_SYNC_FREQ                       = 1-24
PE 0:   MPICH_ALLTOALL_BLK_SIZE                        = 16384
PE 0:   MPICH_ALLTOALL_CHUNKING_MAX_NODES              = 90
PE 0:   MPICH_ALLTOALLV_THROTTLE                       = 8
PE 0:   MPICH_ALLGATHER_VSHORT_MSG                     = 8192-16384
PE 0:   MPICH_ALLGATHERV_VSHORT_MSG                    = 8192-16384
PE 0:   MPICH_GATHERV_SHORT_MSG                        = 131072
PE 0:   MPICH_GATHERV_MIN_COMM_SIZE                    = 64
PE 0:   MPICH_GATHERV_MAX_TMP_SIZE                     = 536870912
PE 0:   MPICH_GATHERV_SYNC_FREQ                        = 16
PE 0:   MPICH_IGATHERV_MIN_COMM_SIZE                   = 1000
PE 0:   MPICH_IGATHERV_SYNC_FREQ                       = 100
PE 0:   MPICH_IGATHERV_RAND_COMMSIZE                   = 2048
PE 0:   MPICH_IGATHERV_RAND_RECVLIST                   = 0
PE 0:   MPICH_SCATTERV_SHORT_MSG                       = 2048-8192
PE 0:   MPICH_SCATTERV_MIN_COMM_SIZE                   = 64
PE 0:   MPICH_SCATTERV_MAX_TMP_SIZE                    = 536870912
PE 0:   MPICH_SCATTERV_SYNC_FREQ                       = 16
PE 0:   MPICH_SCATTERV_SYNCHRONOUS                     = 0
PE 0:   MPICH_ALLREDUCE_MAX_SMP_SIZE                   = 262144
PE 0:   MPICH_ALLREDUCE_BLK_SIZE                       = 716800
PE 0:   MPICH_GPU_ALLGATHER_VSHORT_MSG_ALGORITHM       = 1
PE 0:   MPICH_GPU_ALLREDUCE_USE_KERNEL                 = 0
PE 0:   MPICH_GPU_COLL_STAGING_BUF_SIZE                = 1048576
PE 0:   MPICH_GPU_ALLREDUCE_STAGING_THRESHOLD          = 256
PE 0:   MPICH_ALLREDUCE_NO_SMP                         = 0
PE 0:   MPICH_REDUCE_NO_SMP                            = 0
PE 0:   MPICH_REDUCE_SCATTER_COMMUTATIVE_LONG_MSG_SIZE = 524288
PE 0:   MPICH_REDUCE_SCATTER_MAX_COMMSIZE              = 1000
PE 0:   MPICH_SHARED_MEM_COLL_OPT                      = 1
PE 0:   MPICH_SHARED_MEM_COLL_NCELLS                   = 8
PE 0:   MPICH_SHARED_MEM_COLL_CELLSZ                   = 256
PE 0: MPICH processor detected:
PE 0:   AMD Milan (25:1:1) (family:model:stepping)
PE 0: MPICH environment settings =====================================
PE 0:   MPICH_ENV_DISPLAY                              = 1
PE 0:   MPICH_VERSION_DISPLAY                          = 0
PE 0:   MPICH_ABORT_ON_ERROR                           = 0
PE 0:   MPICH_CPUMASK_DISPLAY                          = 0
PE 0:   MPICH_STATS_DISPLAY                            = 0
PE 0:   MPICH_RANK_REORDER_METHOD                      = 1
PE 0:   MPICH_RANK_REORDER_DISPLAY                     = 0
PE 0:   MPICH_MEMCPY_MEM_CHECK                         = 0
PE 0:   MPICH_USE_SYSTEM_MEMCPY                        = 0
PE 0:   MPICH_OPTIMIZED_MEMCPY                         = 1
PE 0:   MPICH_ALLOC_MEM_PG_SZ                          = 4096
PE 0:   MPICH_ALLOC_MEM_POLICY                         = PREFERRED
PE 0:   MPICH_ALLOC_MEM_AFFINITY                       = SYS_DEFAULT
PE 0:   MPICH_MALLOC_FALLBACK                          = 0
PE 0:   MPICH_MEM_DEBUG_FNAME                          = 
PE 0:   MPICH_INTERNAL_MEM_AFFINITY                    = SYS_DEFAULT
PE 0:   MPICH_NO_BUFFER_ALIAS_CHECK                    = 0
PE 0:   MPICH_COLL_SYNC                                = 0
PE 0:   MPICH_SINGLE_HOST_ENABLED                        = 1
PE 0:   MPICH_USE_PERSISTENT_TOPS                      = 0
PE 0:   MPICH_DISABLE_PERSISTENT_RECV_TOPS             = 0
PE 0: MPICH MPIIO environment settings ===============================
PE 0:   MPICH_MPIIO_HINTS_DISPLAY                      = 0
PE 0:   MPICH_MAX_TOPS_COUNTERS                        = 0
PE 0:   MPICH_ENABLE_ACTIVE_WAIT                       = 0
PE 0:   MPICH_MPIIO_HINTS                              = NULL
PE 0:   MPICH_MPIIO_ABORT_ON_RW_ERROR                  = disable
PE 0: MPICH/RMA environment settings =================================
PE 0:   MPICH_RMA_MAX_PENDING                          = 128
PE 0:   MPICH_MPIIO_CB_ALIGN                           = 2
PE 0:   MPICH_MPIIO_DVS_MAXNODES                       = 24
PE 0:   MPICH_RMA_SHM_ACCUMULATE                       = 0
PE 0: MPICH/Dynamic Process Management environment settings ==========
PE 0:   MPICH_MPIIO_AGGREGATOR_PLACEMENT_DISPLAY       = 0
PE 0:   MPICH_MPIIO_AGGREGATOR_PLACEMENT_STRIDE        = -1
PE 0:   MPICH_DPM_DIR                                  = 
PE 0:   MPICH_LOCAL_SPAWN_SERVER                       = 0
PE 0:   MPICH_MPIIO_MAX_NUM_IRECV                      = 50
PE 0:   MPICH_MPIIO_MAX_NUM_ISEND                      = 50
PE 0:   MPICH_SPAWN_USE_RANKPOOL                       = 0
PE 0:   MPICH_MPIIO_MAX_SIZE_ISEND                     = 10485760
PE 0:   MPICH_MPIIO_OFI_STARTUP_CONNECT                = disable
PE 0: MPICH/SMP environment settings =================================
PE 0:   MPICH_SMP_SINGLE_COPY_MODE                     = XPMEM
PE 0:   MPICH_MPIIO_OFI_STARTUP_NODES_AGGREGATOR        = 2
PE 0: MPICH MPIIO statistics environment settings ====================
PE 0:   MPICH_SMP_SINGLE_COPY_SIZE                     = 8192
PE 0:   MPICH_SHM_PROGRESS_MAX_BATCH_SIZE              = 8
PE 0:   MPICH_MPIIO_STATS                              = 0
PE 0:   MPICH_MPIIO_TIMERS                             = 0
PE 0:   MPICH_MPIIO_WRITE_EXIT_BARRIER                 = 1
PE 0: MPICH processor detected:
PE 0:   AMD Milan (25:1:1) (family:model:stepping)
PE 0: MPICH environment settings =====================================
PE 0:   MPICH_ENV_DISPLAY                              = 1
PE 0:   MPICH_VERSION_DISPLAY                          = 0
PE 0:   MPICH_ABORT_ON_ERROR                           = 0
PE 0:   MPICH_CPUMASK_DISPLAY                          = 0
PE 0:   MPICH_STATS_DISPLAY                            = 0
PE 0:   MPICH_RANK_REORDER_METHOD                      = 1
PE 0:   MPICH_RANK_REORDER_DISPLAY                     = 0
PE 0:   MPICH_MEMCPY_MEM_CHECK                         = 0
PE 0:   MPICH_USE_SYSTEM_MEMCPY                        = 0
PE 0: MPICH Thread Safety settings ===================================
PE 0:   MPICH_ASYNC_PROGRESS                           = 0
PE 0:   MPICH_OPTIMIZED_MEMCPY                         = 1
PE 0:   MPICH_ALLOC_MEM_PG_SZ                          = 4096
PE 0:   MPICH_OPT_THREAD_SYNC                          = 1
PE 0:   rank 0 required = single, was provided = single
PE 0:   MPICH_ALLOC_MEM_POLICY                         = PREFERRED
PE 0:   MPICH_ALLOC_MEM_AFFINITY                       = SYS_DEFAULT
PE 0:   MPICH_MALLOC_FALLBACK                          = 0
PE 0:   MPICH_MEM_DEBUG_FNAME                          = 
PE 0:   MPICH_INTERNAL_MEM_AFFINITY                    = SYS_DEFAULT
PE 0:   MPICH_NO_BUFFER_ALIAS_CHECK                    = 0
PE 0:   MPICH_COLL_SYNC                                = 0
PE 0:   MPICH_SINGLE_HOST_ENABLED                        = 1
PE 0:   MPICH_USE_PERSISTENT_TOPS                      = 0
PE 0:   MPICH_DISABLE_PERSISTENT_RECV_TOPS             = 0
PE 0:   MPICH_MAX_TOPS_COUNTERS                        = 0
PE 0:   MPICH_ENABLE_ACTIVE_WAIT                       = 0
PE 0: MPICH/RMA environment settings =================================
PE 0:   MPICH_RMA_MAX_PENDING                          = 128
PE 0:   MPICH_RMA_SHM_ACCUMULATE                       = 0
PE 0: MPICH/Dynamic Process Management environment settings ==========
PE 0:   MPICH_DPM_DIR                                  = 
PE 0:   MPICH_LOCAL_SPAWN_SERVER                       = 0
PE 0:   MPICH_SPAWN_USE_RANKPOOL                       = 0
PE 0: MPICH/SMP environment settings =================================
PE 0:   MPICH_SMP_SINGLE_COPY_MODE                     = XPMEM
PE 0:   MPICH_SMP_SINGLE_COPY_SIZE                     = 8192
PE 0:   MPICH_SHM_PROGRESS_MAX_BATCH_SIZE              = 8
PE 0: MPICH processor detected:
PE 0:   AMD Milan (25:1:1) (family:model:stepping)
PE 0: MPICH environment settings =====================================
PE 0:   MPICH_ENV_DISPLAY                              = 1
PE 0:   MPICH_VERSION_DISPLAY                          = 0
PE 0:   MPICH_ABORT_ON_ERROR                           = 0
PE 0:   MPICH_CPUMASK_DISPLAY                          = 0
PE 0:   MPICH_STATS_DISPLAY                            = 0
PE 0:   MPICH_RANK_REORDER_METHOD                      = 1
PE 0:   MPICH_RANK_REORDER_DISPLAY                     = 0
PE 0:   MPICH_MEMCPY_MEM_CHECK                         = 0
PE 0:   MPICH_USE_SYSTEM_MEMCPY                        = 0
PE 0:   MPICH_OPTIMIZED_MEMCPY                         = 1
PE 0:   MPICH_ALLOC_MEM_PG_SZ                          = 4096
PE 0:   MPICH_ALLOC_MEM_POLICY                         = PREFERRED
PE 0:   MPICH_ALLOC_MEM_AFFINITY                       = SYS_DEFAULT
PE 0:   MPICH_MALLOC_FALLBACK                          = 0
PE 0:   MPICH_MEM_DEBUG_FNAME                          = 
PE 0:   MPICH_INTERNAL_MEM_AFFINITY                    = SYS_DEFAULT
PE 0:   MPICH_NO_BUFFER_ALIAS_CHECK                    = 0
PE 0:   MPICH_COLL_SYNC                                = 0
PE 0:   MPICH_SINGLE_HOST_ENABLED                        = 1
PE 0:   MPICH_USE_PERSISTENT_TOPS                      = 0
PE 0:   MPICH_DISABLE_PERSISTENT_RECV_TOPS             = 0
PE 0:   MPICH_MAX_TOPS_COUNTERS                        = 0
PE 0:   MPICH_ENABLE_ACTIVE_WAIT                       = 0
PE 0: MPICH/RMA environment settings =================================
PE 0:   MPICH_RMA_MAX_PENDING                          = 128
PE 0:   MPICH_RMA_SHM_ACCUMULATE                       = 0
PE 0: MPICH/Dynamic Process Management environment settings ==========
PE 0:   MPICH_DPM_DIR                                  = 
PE 0:   MPICH_LOCAL_SPAWN_SERVER                       = 0
PE 0:   MPICH_SPAWN_USE_RANKPOOL                       = 0
PE 0: MPICH/SMP environment settings =================================
PE 0:   MPICH_SMP_SINGLE_COPY_MODE                     = XPMEM
PE 0:   MPICH_SMP_SINGLE_COPY_SIZE                     = 8192
PE 0:   MPICH_SHM_PROGRESS_MAX_BATCH_SIZE              = 8
PE 0: MPICH/OFI environment settings =================================
PE 0:   MPICH_OFI_USE_PROVIDER                         = cxi
PE 0:   MPICH_OFI_VERBOSE                              = 0
PE 0:   MPICH_OFI_NIC_VERBOSE                          = 0
PE 0:   FI_CXI_RDZV_THRESHOLD                          = 16384
PE 0:   FI_CXI_RDZV_EAGER_SIZE                         = 2048
PE 0:   FI_CXI_DEFAULT_CQ_SIZE                         = 131072
PE 0:   FI_CXI_DEFAULT_TX_SIZE                         = 1024
PE 0:   FI_CXI_OFLOW_BUF_SIZE                          = 12582912
PE 0:   FI_CXI_OFLOW_BUF_COUNT                         = 3
PE 0:   FI_CXI_RX_MATCH_MODE                           = hybrid
PE 0:   FI_CXI_REQ_BUF_MIN_POSTED                      = 6
PE 0:   FI_CXI_REQ_BUF_SIZE                            = 12582912
PE 0:   FI_CXI_REQ_BUF_MAX_CACHED                      = 0
PE 0:   FI_MR_CACHE_MAX_SIZE                           = -1
PE 0:   FI_MR_CACHE_MAX_COUNT                          = 524288
PE 0:   MPICH_OFI_DEFAULT_TCLASS                       = TC_BEST_EFFORT
PE 0:   MPICH_OFI_TCLASS_ERRORS                        = warn
PE 0:   MPICH_OFI_CXI_PID_BASE                         = 0
PE 0:   MPICH_OFI_USE_SCALABLE_STARTUP                 = 1
PE 0:   MPICH_OFI_CXI_COUNTER_REPORT                   = 0
PE 0:   MPICH_OFI_CXI_COUNTER_VERBOSE                  = 0
PE 0:   MPICH_OFI_CXI_COUNTER_FILE                     = NULL
PE 0:   MPICH_OFI_CXI_COUNTER_REPORT_FILE              = NULL
PE 0:   MPICH_OFI_NIC_POLICY                           = BLOCK
PE 0:   MPICH_OFI_NIC_MAPPING                          = NULL
PE 0:   MPICH_OFI_NUM_NICS                             = NULL
PE 0:   MPICH_CH4_OFI_ENABLE_CONTROL_AUTO_PROGRESS     = -1
PE 0:   MPICH_CH4_OFI_ENABLE_DATA_AUTO_PROGRESS        = -1
PE 0:   MPICH_OFI_RMA_STARTUP_CONNECT                  = 0
PE 0:   MPICH_OFI_SKIP_NIC_SYMMETRY_TEST               = 0
PE 0:   MPICH_OFI_STARTUP_CONNECT                      = 0
PE 0: MPICH/OFI environment settings =================================
PE 0:   MPICH_OFI_USE_PROVIDER                         = cxi
PE 0:   MPICH_OFI_VERBOSE                              = 0
PE 0:   MPICH_OFI_NIC_VERBOSE                          = 0
PE 0:   FI_CXI_RDZV_THRESHOLD                          = 16384
PE 0:   FI_CXI_RDZV_EAGER_SIZE                         = 2048
PE 0:   FI_CXI_DEFAULT_CQ_SIZE                         = 131072
PE 0:   FI_CXI_DEFAULT_TX_SIZE                         = 1024
PE 0:   FI_CXI_OFLOW_BUF_SIZE                          = 12582912
PE 0:   FI_CXI_OFLOW_BUF_COUNT                         = 3
PE 0:   FI_CXI_RX_MATCH_MODE                           = hybrid
PE 0:   FI_CXI_REQ_BUF_MIN_POSTED                      = 6
PE 0:   FI_CXI_REQ_BUF_SIZE                            = 12582912
PE 0:   FI_CXI_REQ_BUF_MAX_CACHED                      = 0
PE 0:   FI_MR_CACHE_MAX_SIZE                           = -1
PE 0:   FI_MR_CACHE_MAX_COUNT                          = 524288
PE 0:   MPICH_OFI_DEFAULT_TCLASS                       = TC_BEST_EFFORT
PE 0:   MPICH_OFI_TCLASS_ERRORS                        = warn
PE 0:   MPICH_OFI_CXI_PID_BASE                         = 0
PE 0:   MPICH_OFI_USE_SCALABLE_STARTUP                 = 1
PE 0:   MPICH_OFI_CXI_COUNTER_REPORT                   = 0
PE 0:   MPICH_OFI_CXI_COUNTER_VERBOSE                  = 0
PE 0:   MPICH_OFI_CXI_COUNTER_FILE                     = NULL
PE 0:   MPICH_OFI_CXI_COUNTER_REPORT_FILE              = NULL
PE 0:   MPICH_OFI_NIC_POLICY                           = BLOCK
PE 0:   MPICH_OFI_NIC_MAPPING                          = NULL
PE 0:   MPICH_OFI_NUM_NICS                             = NULL
PE 0:   MPICH_CH4_OFI_ENABLE_CONTROL_AUTO_PROGRESS     = -1
PE 0:   MPICH_CH4_OFI_ENABLE_DATA_AUTO_PROGRESS        = -1
PE 0:   MPICH_OFI_RMA_STARTUP_CONNECT                  = 0
PE 0:   MPICH_OFI_SKIP_NIC_SYMMETRY_TEST               = 0
PE 0:   MPICH_OFI_STARTUP_CONNECT                      = 0
PE 0: MPICH/COLLECTIVE environment settings ==========================
PE 0:   MPICH_COLL_OPT_OFF                             = 0
PE 0:   MPICH_BCAST_ONLY_TREE                          = 1
PE 0:   MPICH_BCAST_INTERNODE_RADIX                    = 4
PE 0:   MPICH_BCAST_INTRANODE_RADIX                    = 4
PE 0:   MPICH_ALLTOALL_SHORT_MSG                       = 64-512
PE 0:   MPICH_ALLTOALL_SYNC_FREQ                       = 1-24
PE 0:   MPICH_ALLTOALL_BLK_SIZE                        = 16384
PE 0:   MPICH_ALLTOALL_CHUNKING_MAX_NODES              = 90
PE 0:   MPICH_ALLTOALLV_THROTTLE                       = 8
PE 0:   MPICH_ALLGATHER_VSHORT_MSG                     = 8192-16384
PE 0:   MPICH_ALLGATHERV_VSHORT_MSG                    = 8192-16384
PE 0:   MPICH_GATHERV_SHORT_MSG                        = 131072
PE 0:   MPICH_GATHERV_MIN_COMM_SIZE                    = 64
PE 0:   MPICH_GATHERV_MAX_TMP_SIZE                     = 536870912
PE 0:   MPICH_GATHERV_SYNC_FREQ                        = 16
PE 0:   MPICH_IGATHERV_MIN_COMM_SIZE                   = 1000
PE 0:   MPICH_IGATHERV_SYNC_FREQ                       = 100
PE 0:   MPICH_IGATHERV_RAND_COMMSIZE                   = 2048
PE 0:   MPICH_IGATHERV_RAND_RECVLIST                   = 0
PE 0:   MPICH_SCATTERV_SHORT_MSG                       = 2048-8192
PE 0:   MPICH_SCATTERV_MIN_COMM_SIZE                   = 64
PE 0:   MPICH_SCATTERV_MAX_TMP_SIZE                    = 536870912
PE 0:   MPICH_SCATTERV_SYNC_FREQ                       = 16
PE 0:   MPICH_SCATTERV_SYNCHRONOUS                     = 0
PE 0:   MPICH_ALLREDUCE_MAX_SMP_SIZE                   = 262144
PE 0:   MPICH_ALLREDUCE_BLK_SIZE                       = 716800
PE 0:   MPICH_GPU_ALLGATHER_VSHORT_MSG_ALGORITHM       = 1
PE 0:   MPICH_GPU_ALLREDUCE_USE_KERNEL                 = 0
PE 0:   MPICH_GPU_COLL_STAGING_BUF_SIZE                = 1048576
PE 0:   MPICH_GPU_ALLREDUCE_STAGING_THRESHOLD          = 256
PE 0:   MPICH_ALLREDUCE_NO_SMP                         = 0
PE 0:   MPICH_REDUCE_NO_SMP                            = 0
PE 0:   MPICH_REDUCE_SCATTER_COMMUTATIVE_LONG_MSG_SIZE = 524288
PE 0:   MPICH_REDUCE_SCATTER_MAX_COMMSIZE              = 1000
PE 0:   MPICH_SHARED_MEM_COLL_OPT                      = 1
PE 0:   MPICH_SHARED_MEM_COLL_NCELLS                   = 8
PE 0:   MPICH_SHARED_MEM_COLL_CELLSZ                   = 256
PE 0: MPICH MPIIO environment settings ===============================
PE 0:   MPICH_MPIIO_HINTS_DISPLAY                      = 0
PE 0:   MPICH_MPIIO_HINTS                              = NULL
PE 0:   MPICH_MPIIO_ABORT_ON_RW_ERROR                  = disable
PE 0:   MPICH_MPIIO_CB_ALIGN                           = 2
PE 0:   MPICH_MPIIO_DVS_MAXNODES                       = 24
PE 0:   MPICH_MPIIO_AGGREGATOR_PLACEMENT_DISPLAY       = 0
PE 0:   MPICH_MPIIO_AGGREGATOR_PLACEMENT_STRIDE        = -1
PE 0:   MPICH_MPIIO_MAX_NUM_IRECV                      = 50
PE 0:   MPICH_MPIIO_MAX_NUM_ISEND                      = 50
PE 0:   MPICH_MPIIO_MAX_SIZE_ISEND                     = 10485760
PE 0:   MPICH_MPIIO_OFI_STARTUP_CONNECT                = disable
PE 0:   MPICH_MPIIO_OFI_STARTUP_NODES_AGGREGATOR        = 2
PE 0: MPICH MPIIO statistics environment settings ====================
PE 0:   MPICH_MPIIO_STATS                              = 0
PE 0:   MPICH_MPIIO_TIMERS                             = 0
PE 0:   MPICH_MPIIO_WRITE_EXIT_BARRIER                 = 1
PE 0: MPICH Thread Safety settings ===================================
PE 0:   MPICH_ASYNC_PROGRESS                           = 0
PE 0:   MPICH_OPT_THREAD_SYNC                          = 1
PE 0:   rank 0 required = single, was provided = single
PE 0: MPICH/COLLECTIVE environment settings ==========================
PE 0:   MPICH_COLL_OPT_OFF                             = 0
PE 0:   MPICH_BCAST_ONLY_TREE                          = 1
PE 0:   MPICH_BCAST_INTERNODE_RADIX                    = 4
PE 0:   MPICH_BCAST_INTRANODE_RADIX                    = 4
PE 0:   MPICH_ALLTOALL_SHORT_MSG                       = 64-512
PE 0:   MPICH_ALLTOALL_SYNC_FREQ                       = 1-24
PE 0:   MPICH_ALLTOALL_BLK_SIZE                        = 16384
PE 0:   MPICH_ALLTOALL_CHUNKING_MAX_NODES              = 90
PE 0:   MPICH_ALLTOALLV_THROTTLE                       = 8
PE 0:   MPICH_ALLGATHER_VSHORT_MSG                     = 8192-16384
PE 0:   MPICH_ALLGATHERV_VSHORT_MSG                    = 8192-16384
PE 0:   MPICH_GATHERV_SHORT_MSG                        = 131072
PE 0:   MPICH_GATHERV_MIN_COMM_SIZE                    = 64
PE 0:   MPICH_GATHERV_MAX_TMP_SIZE                     = 536870912
PE 0:   MPICH_GATHERV_SYNC_FREQ                        = 16
PE 0:   MPICH_IGATHERV_MIN_COMM_SIZE                   = 1000
PE 0:   MPICH_IGATHERV_SYNC_FREQ                       = 100
PE 0:   MPICH_IGATHERV_RAND_COMMSIZE                   = 2048
PE 0:   MPICH_IGATHERV_RAND_RECVLIST                   = 0
PE 0:   MPICH_SCATTERV_SHORT_MSG                       = 2048-8192
PE 0:   MPICH_SCATTERV_MIN_COMM_SIZE                   = 64
PE 0:   MPICH_SCATTERV_MAX_TMP_SIZE                    = 536870912
PE 0:   MPICH_SCATTERV_SYNC_FREQ                       = 16
PE 0:   MPICH_SCATTERV_SYNCHRONOUS                     = 0
PE 0:   MPICH_ALLREDUCE_MAX_SMP_SIZE                   = 262144
PE 0:   MPICH_ALLREDUCE_BLK_SIZE                       = 716800
PE 0:   MPICH_GPU_ALLGATHER_VSHORT_MSG_ALGORITHM       = 1
PE 0:   MPICH_GPU_ALLREDUCE_USE_KERNEL                 = 0
PE 0:   MPICH_GPU_COLL_STAGING_BUF_SIZE                = 1048576
PE 0:   MPICH_GPU_ALLREDUCE_STAGING_THRESHOLD          = 256
PE 0:   MPICH_ALLREDUCE_NO_SMP                         = 0
PE 0:   MPICH_REDUCE_NO_SMP                            = 0
PE 0:   MPICH_REDUCE_SCATTER_COMMUTATIVE_LONG_MSG_SIZE = 524288
PE 0:   MPICH_REDUCE_SCATTER_MAX_COMMSIZE              = 1000
PE 0:   MPICH_SHARED_MEM_COLL_OPT                      = 1
PE 0:   MPICH_SHARED_MEM_COLL_NCELLS                   = 8
PE 0:   MPICH_SHARED_MEM_COLL_CELLSZ                   = 256
PE 0: MPICH MPIIO environment settings ===============================
PE 0:   MPICH_MPIIO_HINTS_DISPLAY                      = 0
PE 0:   MPICH_MPIIO_HINTS                              = NULL
PE 0:   MPICH_MPIIO_ABORT_ON_RW_ERROR                  = disable
PE 0:   MPICH_MPIIO_CB_ALIGN                           = 2
PE 0:   MPICH_MPIIO_DVS_MAXNODES                       = 24
PE 0:   MPICH_MPIIO_AGGREGATOR_PLACEMENT_DISPLAY       = 0
PE 0:   MPICH_MPIIO_AGGREGATOR_PLACEMENT_STRIDE        = -1
PE 0:   MPICH_MPIIO_MAX_NUM_IRECV                      = 50
PE 0:   MPICH_MPIIO_MAX_NUM_ISEND                      = 50
PE 0:   MPICH_MPIIO_MAX_SIZE_ISEND                     = 10485760
PE 0:   MPICH_MPIIO_OFI_STARTUP_CONNECT                = disable
PE 0:   MPICH_MPIIO_OFI_STARTUP_NODES_AGGREGATOR        = 2
PE 0: MPICH MPIIO statistics environment settings ====================
PE 0:   MPICH_MPIIO_STATS                              = 0
PE 0:   MPICH_MPIIO_TIMERS                             = 0
PE 0:   MPICH_MPIIO_WRITE_EXIT_BARRIER                 = 1
PE 0: MPICH Thread Safety settings ===================================
PE 0:   MPICH_ASYNC_PROGRESS                           = 0
PE 0:   MPICH_OPT_THREAD_SYNC                          = 1
PE 0:   rank 0 required = single, was provided = single
PE 0: MPICH/OFI environment settings =================================
PE 0:   MPICH_OFI_USE_PROVIDER                         = cxi
PE 0:   MPICH_OFI_VERBOSE                              = 0
PE 0:   MPICH_OFI_NIC_VERBOSE                          = 0
PE 0:   FI_CXI_RDZV_THRESHOLD                          = 16384
PE 0:   FI_CXI_RDZV_EAGER_SIZE                         = 2048
PE 0:   FI_CXI_DEFAULT_CQ_SIZE                         = 131072
PE 0:   FI_CXI_DEFAULT_TX_SIZE                         = 1024
PE 0:   FI_CXI_OFLOW_BUF_SIZE                          = 12582912
PE 0:   FI_CXI_OFLOW_BUF_COUNT                         = 3
PE 0:   FI_CXI_RX_MATCH_MODE                           = hybrid
PE 0:   FI_CXI_REQ_BUF_MIN_POSTED                      = 6
PE 0:   FI_CXI_REQ_BUF_SIZE                            = 12582912
PE 0:   FI_CXI_REQ_BUF_MAX_CACHED                      = 0
PE 0:   FI_MR_CACHE_MAX_SIZE                           = -1
PE 0:   FI_MR_CACHE_MAX_COUNT                          = 524288
PE 0:   MPICH_OFI_DEFAULT_TCLASS                       = TC_BEST_EFFORT
PE 0:   MPICH_OFI_TCLASS_ERRORS                        = warn
PE 0:   MPICH_OFI_CXI_PID_BASE                         = 0
PE 0:   MPICH_OFI_USE_SCALABLE_STARTUP                 = 1
PE 0:   MPICH_OFI_CXI_COUNTER_REPORT                   = 0
PE 0:   MPICH_OFI_CXI_COUNTER_VERBOSE                  = 0
PE 0:   MPICH_OFI_CXI_COUNTER_FILE                     = NULL
PE 0:   MPICH_OFI_CXI_COUNTER_REPORT_FILE              = NULL
PE 0:   MPICH_OFI_NIC_POLICY                           = BLOCK
PE 0:   MPICH_OFI_NIC_MAPPING                          = NULL
PE 0:   MPICH_OFI_NUM_NICS                             = NULL
PE 0:   MPICH_CH4_OFI_ENABLE_CONTROL_AUTO_PROGRESS     = -1
PE 0:   MPICH_CH4_OFI_ENABLE_DATA_AUTO_PROGRESS        = -1
PE 0:   MPICH_OFI_RMA_STARTUP_CONNECT                  = 0
PE 0:   MPICH_OFI_SKIP_NIC_SYMMETRY_TEST               = 0
PE 0:   MPICH_OFI_STARTUP_CONNECT                      = 0
PE 0: MPICH processor detected:
PE 0:   AMD Milan (25:1:1) (family:model:stepping)
PE 0: MPICH environment settings =====================================
PE 0:   MPICH_ENV_DISPLAY                              = 1
PE 0:   MPICH_VERSION_DISPLAY                          = 0
PE 0:   MPICH_ABORT_ON_ERROR                           = 0
PE 0:   MPICH_CPUMASK_DISPLAY                          = 0
PE 0:   MPICH_STATS_DISPLAY                            = 0
PE 0:   MPICH_RANK_REORDER_METHOD                      = 1
PE 0:   MPICH_RANK_REORDER_DISPLAY                     = 0
PE 0:   MPICH_MEMCPY_MEM_CHECK                         = 0
PE 0:   MPICH_USE_SYSTEM_MEMCPY                        = 0
PE 0:   MPICH_OPTIMIZED_MEMCPY                         = 1
PE 0:   MPICH_ALLOC_MEM_PG_SZ                          = 4096
PE 0:   MPICH_ALLOC_MEM_POLICY                         = PREFERRED
PE 0:   MPICH_ALLOC_MEM_AFFINITY                       = SYS_DEFAULT
PE 0:   MPICH_MALLOC_FALLBACK                          = 0
PE 0:   MPICH_MEM_DEBUG_FNAME                          = 
PE 0:   MPICH_INTERNAL_MEM_AFFINITY                    = SYS_DEFAULT
PE 0:   MPICH_NO_BUFFER_ALIAS_CHECK                    = 0
PE 0:   MPICH_COLL_SYNC                                = 0
PE 0:   MPICH_SINGLE_HOST_ENABLED                        = 1
PE 0:   MPICH_USE_PERSISTENT_TOPS                      = 0
PE 0:   MPICH_DISABLE_PERSISTENT_RECV_TOPS             = 0
PE 0:   MPICH_MAX_TOPS_COUNTERS                        = 0
PE 0:   MPICH_ENABLE_ACTIVE_WAIT                       = 0
PE 0: MPICH/RMA environment settings =================================
PE 0:   MPICH_RMA_MAX_PENDING                          = 128
PE 0:   MPICH_RMA_SHM_ACCUMULATE                       = 0
PE 0: MPICH/Dynamic Process Management environment settings ==========
PE 0:   MPICH_DPM_DIR                                  = 
PE 0:   MPICH_LOCAL_SPAWN_SERVER                       = 0
PE 0:   MPICH_SPAWN_USE_RANKPOOL                       = 0
PE 0: MPICH/SMP environment settings =================================
PE 0:   MPICH_SMP_SINGLE_COPY_MODE                     = XPMEM
PE 0:   MPICH_SMP_SINGLE_COPY_SIZE                     = 8192
PE 0:   MPICH_SHM_PROGRESS_MAX_BATCH_SIZE              = 8
PE 0: MPICH/COLLECTIVE environment settings ==========================
PE 0:   MPICH_COLL_OPT_OFF                             = 0
PE 0:   MPICH_BCAST_ONLY_TREE                          = 1
PE 0:   MPICH_BCAST_INTERNODE_RADIX                    = 4
PE 0:   MPICH_BCAST_INTRANODE_RADIX                    = 4
PE 0:   MPICH_ALLTOALL_SHORT_MSG                       = 64-512
PE 0:   MPICH_ALLTOALL_SYNC_FREQ                       = 1-24
PE 0:   MPICH_ALLTOALL_BLK_SIZE                        = 16384
PE 0:   MPICH_ALLTOALL_CHUNKING_MAX_NODES              = 90
PE 0:   MPICH_ALLTOALLV_THROTTLE                       = 8
PE 0:   MPICH_ALLGATHER_VSHORT_MSG                     = 8192-16384
PE 0:   MPICH_ALLGATHERV_VSHORT_MSG                    = 8192-16384
PE 0:   MPICH_GATHERV_SHORT_MSG                        = 131072
PE 0:   MPICH_GATHERV_MIN_COMM_SIZE                    = 64
PE 0:   MPICH_GATHERV_MAX_TMP_SIZE                     = 536870912
PE 0:   MPICH_GATHERV_SYNC_FREQ                        = 16
PE 0:   MPICH_IGATHERV_MIN_COMM_SIZE                   = 1000
PE 0:   MPICH_IGATHERV_SYNC_FREQ                       = 100
PE 0:   MPICH_IGATHERV_RAND_COMMSIZE                   = 2048
PE 0:   MPICH_IGATHERV_RAND_RECVLIST                   = 0
PE 0:   MPICH_SCATTERV_SHORT_MSG                       = 2048-8192
PE 0:   MPICH_SCATTERV_MIN_COMM_SIZE                   = 64
PE 0:   MPICH_SCATTERV_MAX_TMP_SIZE                    = 536870912
PE 0:   MPICH_SCATTERV_SYNC_FREQ                       = 16
PE 0:   MPICH_SCATTERV_SYNCHRONOUS                     = 0
PE 0:   MPICH_ALLREDUCE_MAX_SMP_SIZE                   = 262144
PE 0:   MPICH_ALLREDUCE_BLK_SIZE                       = 716800
PE 0:   MPICH_GPU_ALLGATHER_VSHORT_MSG_ALGORITHM       = 1
PE 0:   MPICH_GPU_ALLREDUCE_USE_KERNEL                 = 0
PE 0:   MPICH_GPU_COLL_STAGING_BUF_SIZE                = 1048576
PE 0:   MPICH_GPU_ALLREDUCE_STAGING_THRESHOLD          = 256
PE 0:   MPICH_ALLREDUCE_NO_SMP                         = 0
PE 0:   MPICH_REDUCE_NO_SMP                            = 0
PE 0:   MPICH_REDUCE_SCATTER_COMMUTATIVE_LONG_MSG_SIZE = 524288
PE 0:   MPICH_REDUCE_SCATTER_MAX_COMMSIZE              = 1000
PE 0:   MPICH_SHARED_MEM_COLL_OPT                      = 1
PE 0:   MPICH_SHARED_MEM_COLL_NCELLS                   = 8
PE 0:   MPICH_SHARED_MEM_COLL_CELLSZ                   = 256
PE 0: MPICH MPIIO environment settings ===============================
PE 0:   MPICH_MPIIO_HINTS_DISPLAY                      = 0
PE 0:   MPICH_MPIIO_HINTS                              = NULL
PE 0:   MPICH_MPIIO_ABORT_ON_RW_ERROR                  = disable
PE 0:   MPICH_MPIIO_CB_ALIGN                           = 2
PE 0:   MPICH_MPIIO_DVS_MAXNODES                       = 24
PE 0:   MPICH_MPIIO_AGGREGATOR_PLACEMENT_DISPLAY       = 0
PE 0:   MPICH_MPIIO_AGGREGATOR_PLACEMENT_STRIDE        = -1
PE 0:   MPICH_MPIIO_MAX_NUM_IRECV                      = 50
PE 0:   MPICH_MPIIO_MAX_NUM_ISEND                      = 50
PE 0:   MPICH_MPIIO_MAX_SIZE_ISEND                     = 10485760
PE 0:   MPICH_MPIIO_OFI_STARTUP_CONNECT                = disable
PE 0:   MPICH_MPIIO_OFI_STARTUP_NODES_AGGREGATOR        = 2
PE 0: MPICH MPIIO statistics environment settings ====================
PE 0:   MPICH_MPIIO_STATS                              = 0
PE 0:   MPICH_MPIIO_TIMERS                             = 0
PE 0:   MPICH_MPIIO_WRITE_EXIT_BARRIER                 = 1
PE 0: MPICH Thread Safety settings ===================================
PE 0:   MPICH_ASYNC_PROGRESS                           = 0
PE 0:   MPICH_OPT_THREAD_SYNC                          = 1
PE 0:   rank 0 required = single, was provided = single
PE 0: MPICH/OFI environment settings =================================
PE 0:   MPICH_OFI_USE_PROVIDER                         = cxi
PE 0:   MPICH_OFI_VERBOSE                              = 0
PE 0:   MPICH_OFI_NIC_VERBOSE                          = 0
PE 0:   FI_CXI_RDZV_THRESHOLD                          = 16384
PE 0:   FI_CXI_RDZV_EAGER_SIZE                         = 2048
PE 0:   FI_CXI_DEFAULT_CQ_SIZE                         = 131072
PE 0:   FI_CXI_DEFAULT_TX_SIZE                         = 1024
PE 0:   FI_CXI_OFLOW_BUF_SIZE                          = 12582912
PE 0:   FI_CXI_OFLOW_BUF_COUNT                         = 3
PE 0:   FI_CXI_RX_MATCH_MODE                           = hybrid
PE 0:   FI_CXI_REQ_BUF_MIN_POSTED                      = 6
PE 0:   FI_CXI_REQ_BUF_SIZE                            = 12582912
PE 0:   FI_CXI_REQ_BUF_MAX_CACHED                      = 0
PE 0:   FI_MR_CACHE_MAX_SIZE                           = -1
PE 0:   FI_MR_CACHE_MAX_COUNT                          = 524288
PE 0:   MPICH_OFI_DEFAULT_TCLASS                       = TC_BEST_EFFORT
PE 0:   MPICH_OFI_TCLASS_ERRORS                        = warn
PE 0:   MPICH_OFI_CXI_PID_BASE                         = 0
PE 0:   MPICH_OFI_USE_SCALABLE_STARTUP                 = 1
PE 0:   MPICH_OFI_CXI_COUNTER_REPORT                   = 0
PE 0:   MPICH_OFI_CXI_COUNTER_VERBOSE                  = 0
PE 0:   MPICH_OFI_CXI_COUNTER_FILE                     = NULL
PE 0:   MPICH_OFI_CXI_COUNTER_REPORT_FILE              = NULL
PE 0:   MPICH_OFI_NIC_POLICY                           = BLOCK
PE 0:   MPICH_OFI_NIC_MAPPING                          = NULL
PE 0:   MPICH_OFI_NUM_NICS                             = NULL
PE 0:   MPICH_CH4_OFI_ENABLE_CONTROL_AUTO_PROGRESS     = -1
PE 0:   MPICH_CH4_OFI_ENABLE_DATA_AUTO_PROGRESS        = -1
PE 0:   MPICH_OFI_RMA_STARTUP_CONNECT                  = 0
PE 0:   MPICH_OFI_SKIP_NIC_SYMMETRY_TEST               = 0
PE 0:   MPICH_OFI_STARTUP_CONNECT                      = 0
PE 0: MPICH/COLLECTIVE environment settings ==========================
PE 0:   MPICH_COLL_OPT_OFF                             = 0
PE 0:   MPICH_BCAST_ONLY_TREE                          = 1
PE 0:   MPICH_BCAST_INTERNODE_RADIX                    = 4
PE 0:   MPICH_BCAST_INTRANODE_RADIX                    = 4
PE 0:   MPICH_ALLTOALL_SHORT_MSG                       = 64-512
PE 0:   MPICH_ALLTOALL_SYNC_FREQ                       = 1-24
PE 0:   MPICH_ALLTOALL_BLK_SIZE                        = 16384
PE 0:   MPICH_ALLTOALL_CHUNKING_MAX_NODES              = 90
PE 0:   MPICH_ALLTOALLV_THROTTLE                       = 8
PE 0:   MPICH_ALLGATHER_VSHORT_MSG                     = 8192-16384
PE 0:   MPICH_ALLGATHERV_VSHORT_MSG                    = 8192-16384
PE 0:   MPICH_GATHERV_SHORT_MSG                        = 131072
PE 0:   MPICH_GATHERV_MIN_COMM_SIZE                    = 64
PE 0:   MPICH_GATHERV_MAX_TMP_SIZE                     = 536870912
PE 0:   MPICH_GATHERV_SYNC_FREQ                        = 16
PE 0:   MPICH_IGATHERV_MIN_COMM_SIZE                   = 1000
PE 0:   MPICH_IGATHERV_SYNC_FREQ                       = 100
PE 0:   MPICH_IGATHERV_RAND_COMMSIZE                   = 2048
PE 0:   MPICH_IGATHERV_RAND_RECVLIST                   = 0
PE 0:   MPICH_SCATTERV_SHORT_MSG                       = 2048-8192
PE 0:   MPICH_SCATTERV_MIN_COMM_SIZE                   = 64
PE 0:   MPICH_SCATTERV_MAX_TMP_SIZE                    = 536870912
PE 0:   MPICH_SCATTERV_SYNC_FREQ                       = 16
PE 0:   MPICH_SCATTERV_SYNCHRONOUS                     = 0
PE 0:   MPICH_ALLREDUCE_MAX_SMP_SIZE                   = 262144
PE 0:   MPICH_ALLREDUCE_BLK_SIZE                       = 716800
PE 0:   MPICH_GPU_ALLGATHER_VSHORT_MSG_ALGORITHM       = 1
PE 0:   MPICH_GPU_ALLREDUCE_USE_KERNEL                 = 0
PE 0:   MPICH_GPU_COLL_STAGING_BUF_SIZE                = 1048576
PE 0:   MPICH_GPU_ALLREDUCE_STAGING_THRESHOLD          = 256
PE 0:   MPICH_ALLREDUCE_NO_SMP                         = 0
PE 0:   MPICH_REDUCE_NO_SMP                            = 0
PE 0:   MPICH_REDUCE_SCATTER_COMMUTATIVE_LONG_MSG_SIZE = 524288
PE 0:   MPICH_REDUCE_SCATTER_MAX_COMMSIZE              = 1000
PE 0:   MPICH_SHARED_MEM_COLL_OPT                      = 1
PE 0:   MPICH_SHARED_MEM_COLL_NCELLS                   = 8
PE 0:   MPICH_SHARED_MEM_COLL_CELLSZ                   = 256
PE 0: MPICH MPIIO environment settings ===============================
PE 0:   MPICH_MPIIO_HINTS_DISPLAY                      = 0
PE 0:   MPICH_MPIIO_HINTS                              = NULL
PE 0:   MPICH_MPIIO_ABORT_ON_RW_ERROR                  = disable
PE 0:   MPICH_MPIIO_CB_ALIGN                           = 2
PE 0:   MPICH_MPIIO_DVS_MAXNODES                       = 24
PE 0:   MPICH_MPIIO_AGGREGATOR_PLACEMENT_DISPLAY       = 0
PE 0:   MPICH_MPIIO_AGGREGATOR_PLACEMENT_STRIDE        = -1
PE 0:   MPICH_MPIIO_MAX_NUM_IRECV                      = 50
PE 0:   MPICH_MPIIO_MAX_NUM_ISEND                      = 50
PE 0:   MPICH_MPIIO_MAX_SIZE_ISEND                     = 10485760
PE 0:   MPICH_MPIIO_OFI_STARTUP_CONNECT                = disable
PE 0:   MPICH_MPIIO_OFI_STARTUP_NODES_AGGREGATOR        = 2
PE 0: MPICH MPIIO statistics environment settings ====================
PE 0:   MPICH_MPIIO_STATS                              = 0
PE 0:   MPICH_MPIIO_TIMERS                             = 0
PE 0:   MPICH_MPIIO_WRITE_EXIT_BARRIER                 = 1
PE 0: MPICH Thread Safety settings ===================================
PE 0:   MPICH_ASYNC_PROGRESS                           = 0
PE 0:   MPICH_OPT_THREAD_SYNC                          = 1
PE 0:   rank 0 required = single, was provided = single
srun: error: eio_handle_mainloop: Abandoning IO 60 secs after job shutdown initiated
srun: error: eio_handle_mainloop: Abandoning IO 60 secs after job shutdown initiated
srun: error: eio_handle_mainloop: Abandoning IO 60 secs after job shutdown initiated
[5]  + Done                          srun -N 16 -n 80 -c 32 --cpu_bind=cores /pscratch/sd/s/segeorge/20CRV3_CoriII_stripe4//bin/gribmeanp.x /pscratch/sd/s/segeorge//gfsenkf_20crV3_cmip5oz_CoriII/ensda_461_1924//1930061206/ 512 256 1930061206 sflx fg 06
[4]  + Done                          srun -N 16 -n 80 -c 32 --cpu_bind=cores /pscratch/sd/s/segeorge/20CRV3_CoriII_stripe4//bin/gribmeanp.x /pscratch/sd/s/segeorge//gfsenkf_20crV3_cmip5oz_CoriII/ensda_461_1924//1930061206/ 512 256 1930061206 sflx fg 03
[3]  + Done                          srun -N 16 -n 80 -c 32 --cpu_bind=cores /pscratch/sd/s/segeorge/20CRV3_CoriII_stripe4//bin/gribmeanp.x /pscratch/sd/s/segeorge//gfsenkf_20crV3_cmip5oz_CoriII/ensda_461_1924//1930061206/ 512 256 1930061206 p fg 06
[2]  + Done                          srun -N 16 -n 80 -c 32 --cpu_bind=cores /pscratch/sd/s/segeorge/20CRV3_CoriII_stripe4//bin/gribmeanp.x /pscratch/sd/s/segeorge//gfsenkf_20crV3_cmip5oz_CoriII/ensda_461_1924//1930061200/ 512 256 1930061203 p anl
[1]  + Done                          srun -N 16 -n 80 -c 32 --cpu_bind=cores /pscratch/sd/s/segeorge/20CRV3_CoriII_stripe4//bin/gribmeanp.x /pscratch/sd/s/segeorge//gfsenkf_20crV3_cmip5oz_CoriII/ensda_461_1924//1930061200/ 512 256 1930061200 p anl
/bin/rm: No match.
/bin/rm: No match.
/bin/rm: No match.
/bin/rm: No match.
/bin/rm: No match.
/bin/rm: No match.
/bin/rm: No match.
/bin/rm: No match.
/bin/rm: No match.
/bin/rm: No match.
